{"C:\\Users\\sidik\\WebstormProjects\\tutorPlatform\\project\\src\\App.tsx": {"path":"C:\\Users\\sidik\\WebstormProjects\\tutorPlatform\\project\\src\\App.tsx","statementMap":{"0":{"start":{"line":26,"column":2},"end":{"line":54,"column":4}}},"fnMap":{"0":{"name":"App","decl":{"start":{"line":25,"column":9},"end":{"line":25,"column":12}},"loc":{"start":{"line":25,"column":12},"end":{"line":55,"column":1}}}},"branchMap":{},"s":{"0":0},"f":{"0":0},"b":{}}
,"C:\\Users\\sidik\\WebstormProjects\\tutorPlatform\\project\\src\\main.tsx": {"path":"C:\\Users\\sidik\\WebstormProjects\\tutorPlatform\\project\\src\\main.tsx","statementMap":{"0":{"start":{"line":6,"column":0},"end":{"line":10,"column":null}}},"fnMap":{},"branchMap":{},"s":{"0":0},"f":{},"b":{}}
,"C:\\Users\\sidik\\WebstormProjects\\tutorPlatform\\project\\src\\api\\auth.ts": {"path":"C:\\Users\\sidik\\WebstormProjects\\tutorPlatform\\project\\src\\api\\auth.ts","statementMap":{"0":{"start":{"line":1,"column":16},"end":{"line":1,"column":39}},"1":{"start":{"line":4,"column":14},"end":{"line":4,"column":60}},"2":{"start":{"line":5,"column":16},"end":{"line":5,"column":32}},"3":{"start":{"line":6,"column":2},"end":{"line":8,"column":3}},"4":{"start":{"line":7,"column":4},"end":{"line":7,"column":20}},"5":{"start":{"line":9,"column":2},"end":{"line":9,"column":47}},"6":{"start":{"line":13,"column":14},"end":{"line":17,"column":4}},"7":{"start":{"line":18,"column":2},"end":{"line":18,"column":20}}},"fnMap":{"0":{"name":"login","decl":{"start":{"line":3,"column":22},"end":{"line":3,"column":27}},"loc":{"start":{"line":3,"column":59},"end":{"line":10,"column":1}}},"1":{"name":"register","decl":{"start":{"line":12,"column":22},"end":{"line":12,"column":30}},"loc":{"start":{"line":12,"column":90},"end":{"line":19,"column":1}}}},"branchMap":{"0":{"loc":{"start":{"line":6,"column":2},"end":{"line":8,"column":3}},"type":"if","locations":[{"start":{"line":6,"column":2},"end":{"line":8,"column":3}}]}},"s":{"0":0,"1":0,"2":0,"3":0,"4":0,"5":0,"6":0,"7":0},"f":{"0":0,"1":0},"b":{"0":[0]}}
,"C:\\Users\\sidik\\WebstormProjects\\tutorPlatform\\project\\src\\api\\bookings.ts": {"path":"C:\\Users\\sidik\\WebstormProjects\\tutorPlatform\\project\\src\\api\\bookings.ts","statementMap":{"0":{"start":{"line":1,"column":16},"end":{"line":1,"column":39}},"1":{"start":{"line":4,"column":14},"end":{"line":4,"column":48}},"2":{"start":{"line":5,"column":2},"end":{"line":5,"column":20}},"3":{"start":{"line":9,"column":14},"end":{"line":9,"column":65}},"4":{"start":{"line":10,"column":2},"end":{"line":10,"column":20}},"5":{"start":{"line":14,"column":14},"end":{"line":14,"column":67}},"6":{"start":{"line":15,"column":2},"end":{"line":15,"column":20}},"7":{"start":{"line":19,"column":14},"end":{"line":23,"column":4}},"8":{"start":{"line":24,"column":2},"end":{"line":24,"column":20}},"9":{"start":{"line":28,"column":14},"end":{"line":32,"column":4}},"10":{"start":{"line":33,"column":2},"end":{"line":33,"column":20}},"11":{"start":{"line":37,"column":2},"end":{"line":37,"column":65}}},"fnMap":{"0":{"name":"fetchBookings","decl":{"start":{"line":3,"column":22},"end":{"line":3,"column":35}},"loc":{"start":{"line":3,"column":35},"end":{"line":6,"column":1}}},"1":{"name":"fetchBookingsByUserId","decl":{"start":{"line":8,"column":22},"end":{"line":8,"column":43}},"loc":{"start":{"line":8,"column":58},"end":{"line":11,"column":1}}},"2":{"name":"fetchBookingsByTutorId","decl":{"start":{"line":13,"column":22},"end":{"line":13,"column":44}},"loc":{"start":{"line":13,"column":60},"end":{"line":16,"column":1}}},"3":{"name":"createBooking","decl":{"start":{"line":18,"column":22},"end":{"line":18,"column":35}},"loc":{"start":{"line":18,"column":48},"end":{"line":25,"column":1}}},"4":{"name":"updateBooking","decl":{"start":{"line":27,"column":22},"end":{"line":27,"column":35}},"loc":{"start":{"line":27,"column":57},"end":{"line":34,"column":1}}},"5":{"name":"deleteBooking","decl":{"start":{"line":36,"column":22},"end":{"line":36,"column":35}},"loc":{"start":{"line":36,"column":46},"end":{"line":38,"column":1}}}},"branchMap":{},"s":{"0":0,"1":0,"2":0,"3":0,"4":0,"5":0,"6":0,"7":0,"8":0,"9":0,"10":0,"11":0},"f":{"0":0,"1":0,"2":0,"3":0,"4":0,"5":0},"b":{}}
,"C:\\Users\\sidik\\WebstormProjects\\tutorPlatform\\project\\src\\api\\reviews.ts": {"path":"C:\\Users\\sidik\\WebstormProjects\\tutorPlatform\\project\\src\\api\\reviews.ts","statementMap":{"0":{"start":{"line":1,"column":16},"end":{"line":1,"column":39}},"1":{"start":{"line":4,"column":14},"end":{"line":4,"column":47}},"2":{"start":{"line":5,"column":2},"end":{"line":5,"column":20}},"3":{"start":{"line":9,"column":14},"end":{"line":9,"column":66}},"4":{"start":{"line":10,"column":2},"end":{"line":10,"column":20}},"5":{"start":{"line":14,"column":14},"end":{"line":18,"column":4}},"6":{"start":{"line":19,"column":2},"end":{"line":19,"column":20}},"7":{"start":{"line":23,"column":2},"end":{"line":23,"column":64}}},"fnMap":{"0":{"name":"fetchReviews","decl":{"start":{"line":3,"column":22},"end":{"line":3,"column":34}},"loc":{"start":{"line":3,"column":34},"end":{"line":6,"column":1}}},"1":{"name":"fetchReviewsByTutorId","decl":{"start":{"line":8,"column":22},"end":{"line":8,"column":43}},"loc":{"start":{"line":8,"column":59},"end":{"line":11,"column":1}}},"2":{"name":"createReview","decl":{"start":{"line":13,"column":22},"end":{"line":13,"column":34}},"loc":{"start":{"line":13,"column":46},"end":{"line":20,"column":1}}},"3":{"name":"deleteReview","decl":{"start":{"line":22,"column":22},"end":{"line":22,"column":34}},"loc":{"start":{"line":22,"column":45},"end":{"line":24,"column":1}}}},"branchMap":{},"s":{"0":0,"1":0,"2":0,"3":0,"4":0,"5":0,"6":0,"7":0},"f":{"0":0,"1":0,"2":0,"3":0},"b":{}}
,"C:\\Users\\sidik\\WebstormProjects\\tutorPlatform\\project\\src\\api\\tutors.ts": {"path":"C:\\Users\\sidik\\WebstormProjects\\tutorPlatform\\project\\src\\api\\tutors.ts","statementMap":{"0":{"start":{"line":3,"column":0},"end":{"line":3,"column":7}},"1":{"start":{"line":8,"column":0},"end":{"line":8,"column":7}},"2":{"start":{"line":13,"column":0},"end":{"line":13,"column":7}},"3":{"start":{"line":18,"column":0},"end":{"line":18,"column":7}},"4":{"start":{"line":27,"column":0},"end":{"line":27,"column":7}},"5":{"start":{"line":36,"column":0},"end":{"line":36,"column":7}},"6":{"start":{"line":1,"column":16},"end":{"line":1,"column":39}},"7":{"start":{"line":4,"column":14},"end":{"line":4,"column":46}},"8":{"start":{"line":5,"column":2},"end":{"line":5,"column":20}},"9":{"start":{"line":9,"column":14},"end":{"line":9,"column":52}},"10":{"start":{"line":10,"column":2},"end":{"line":10,"column":20}},"11":{"start":{"line":14,"column":14},"end":{"line":14,"column":66}},"12":{"start":{"line":15,"column":2},"end":{"line":15,"column":20}},"13":{"start":{"line":19,"column":14},"end":{"line":23,"column":4}},"14":{"start":{"line":24,"column":2},"end":{"line":24,"column":20}},"15":{"start":{"line":28,"column":14},"end":{"line":32,"column":4}},"16":{"start":{"line":33,"column":2},"end":{"line":33,"column":20}},"17":{"start":{"line":37,"column":2},"end":{"line":37,"column":63}}},"fnMap":{"0":{"name":"fetchTutors","decl":{"start":{"line":3,"column":22},"end":{"line":3,"column":33}},"loc":{"start":{"line":3,"column":33},"end":{"line":6,"column":1}}},"1":{"name":"fetchTutorById","decl":{"start":{"line":8,"column":22},"end":{"line":8,"column":36}},"loc":{"start":{"line":8,"column":47},"end":{"line":11,"column":1}}},"2":{"name":"fetchReviewsByTutorId","decl":{"start":{"line":13,"column":22},"end":{"line":13,"column":43}},"loc":{"start":{"line":13,"column":59},"end":{"line":16,"column":1}}},"3":{"name":"createTutor","decl":{"start":{"line":18,"column":22},"end":{"line":18,"column":33}},"loc":{"start":{"line":18,"column":44},"end":{"line":25,"column":1}}},"4":{"name":"updateTutor","decl":{"start":{"line":27,"column":22},"end":{"line":27,"column":33}},"loc":{"start":{"line":27,"column":55},"end":{"line":34,"column":1}}},"5":{"name":"deleteTutor","decl":{"start":{"line":36,"column":22},"end":{"line":36,"column":33}},"loc":{"start":{"line":36,"column":44},"end":{"line":38,"column":1}}}},"branchMap":{},"s":{"0":2,"1":2,"2":2,"3":2,"4":2,"5":2,"6":2,"7":0,"8":0,"9":0,"10":0,"11":0,"12":0,"13":0,"14":0,"15":0,"16":0,"17":0},"f":{"0":0,"1":0,"2":0,"3":0,"4":0,"5":0},"b":{}}
,"C:\\Users\\sidik\\WebstormProjects\\tutorPlatform\\project\\src\\api\\users.ts": {"path":"C:\\Users\\sidik\\WebstormProjects\\tutorPlatform\\project\\src\\api\\users.ts","statementMap":{"0":{"start":{"line":3,"column":0},"end":{"line":3,"column":7}},"1":{"start":{"line":8,"column":0},"end":{"line":8,"column":7}},"2":{"start":{"line":13,"column":0},"end":{"line":13,"column":7}},"3":{"start":{"line":19,"column":0},"end":{"line":19,"column":7}},"4":{"start":{"line":28,"column":0},"end":{"line":28,"column":7}},"5":{"start":{"line":37,"column":0},"end":{"line":37,"column":7}},"6":{"start":{"line":1,"column":16},"end":{"line":1,"column":39}},"7":{"start":{"line":4,"column":14},"end":{"line":4,"column":45}},"8":{"start":{"line":5,"column":2},"end":{"line":5,"column":20}},"9":{"start":{"line":9,"column":14},"end":{"line":9,"column":51}},"10":{"start":{"line":10,"column":2},"end":{"line":10,"column":20}},"11":{"start":{"line":14,"column":14},"end":{"line":14,"column":80}},"12":{"start":{"line":15,"column":16},"end":{"line":15,"column":32}},"13":{"start":{"line":16,"column":2},"end":{"line":16,"column":26}},"14":{"start":{"line":20,"column":14},"end":{"line":24,"column":4}},"15":{"start":{"line":25,"column":2},"end":{"line":25,"column":20}},"16":{"start":{"line":29,"column":14},"end":{"line":33,"column":4}},"17":{"start":{"line":34,"column":2},"end":{"line":34,"column":20}},"18":{"start":{"line":38,"column":2},"end":{"line":38,"column":62}}},"fnMap":{"0":{"name":"fetchUsers","decl":{"start":{"line":3,"column":22},"end":{"line":3,"column":32}},"loc":{"start":{"line":3,"column":32},"end":{"line":6,"column":1}}},"1":{"name":"fetchUserById","decl":{"start":{"line":8,"column":22},"end":{"line":8,"column":35}},"loc":{"start":{"line":8,"column":46},"end":{"line":11,"column":1}}},"2":{"name":"fetchUserByEmail","decl":{"start":{"line":13,"column":22},"end":{"line":13,"column":38}},"loc":{"start":{"line":13,"column":52},"end":{"line":17,"column":1}}},"3":{"name":"createUser","decl":{"start":{"line":19,"column":22},"end":{"line":19,"column":32}},"loc":{"start":{"line":19,"column":42},"end":{"line":26,"column":1}}},"4":{"name":"updateUser","decl":{"start":{"line":28,"column":22},"end":{"line":28,"column":32}},"loc":{"start":{"line":28,"column":54},"end":{"line":35,"column":1}}},"5":{"name":"deleteUser","decl":{"start":{"line":37,"column":22},"end":{"line":37,"column":32}},"loc":{"start":{"line":37,"column":43},"end":{"line":39,"column":1}}}},"branchMap":{"0":{"loc":{"start":{"line":16,"column":9},"end":{"line":16,"column":25}},"type":"binary-expr","locations":[{"start":{"line":16,"column":9},"end":{"line":16,"column":17}},{"start":{"line":16,"column":21},"end":{"line":16,"column":25}}]}},"s":{"0":2,"1":2,"2":2,"3":2,"4":2,"5":2,"6":2,"7":0,"8":0,"9":0,"10":0,"11":0,"12":0,"13":0,"14":0,"15":0,"16":0,"17":0,"18":0},"f":{"0":0,"1":0,"2":0,"3":0,"4":0,"5":0},"b":{"0":[0,0]}}
,"C:\\Users\\sidik\\WebstormProjects\\tutorPlatform\\project\\src\\components\\AuthForms.tsx": {"path":"C:\\Users\\sidik\\WebstormProjects\\tutorPlatform\\project\\src\\components\\AuthForms.tsx","statementMap":{"0":{"start":{"line":6,"column":35},"end":{"line":127,"column":1}},"1":{"start":{"line":7,"column":28},"end":{"line":7,"column":40}},"2":{"start":{"line":8,"column":34},"end":{"line":8,"column":46}},"3":{"start":{"line":9,"column":28},"end":{"line":9,"column":40}},"4":{"start":{"line":10,"column":36},"end":{"line":10,"column":51}},"5":{"start":{"line":11,"column":20},"end":{"line":11,"column":29}},"6":{"start":{"line":12,"column":19},"end":{"line":12,"column":32}},"7":{"start":{"line":14,"column":23},"end":{"line":38,"column":3}},"8":{"start":{"line":15,"column":4},"end":{"line":15,"column":23}},"9":{"start":{"line":16,"column":4},"end":{"line":16,"column":17}},"10":{"start":{"line":17,"column":4},"end":{"line":17,"column":23}},"11":{"start":{"line":19,"column":4},"end":{"line":23,"column":5}},"12":{"start":{"line":20,"column":6},"end":{"line":20,"column":44}},"13":{"start":{"line":21,"column":6},"end":{"line":21,"column":26}},"14":{"start":{"line":22,"column":6},"end":{"line":22,"column":13}},"15":{"start":{"line":24,"column":4},"end":{"line":28,"column":5}},"16":{"start":{"line":25,"column":6},"end":{"line":25,"column":45}},"17":{"start":{"line":26,"column":6},"end":{"line":26,"column":26}},"18":{"start":{"line":27,"column":6},"end":{"line":27,"column":13}},"19":{"start":{"line":30,"column":4},"end":{"line":37,"column":5}},"20":{"start":{"line":31,"column":6},"end":{"line":31,"column":35}},"21":{"start":{"line":32,"column":6},"end":{"line":32,"column":20}},"22":{"start":{"line":34,"column":6},"end":{"line":34,"column":130}},"23":{"start":{"line":36,"column":6},"end":{"line":36,"column":26}},"24":{"start":{"line":40,"column":2},"end":{"line":126,"column":4}},"25":{"start":{"line":73,"column":31},"end":{"line":73,"column":55}},"26":{"start":{"line":88,"column":31},"end":{"line":88,"column":58}},"27":{"start":{"line":129,"column":38},"end":{"line":295,"column":1}},"28":{"start":{"line":130,"column":26},"end":{"line":130,"column":38}},"29":{"start":{"line":131,"column":28},"end":{"line":131,"column":40}},"30":{"start":{"line":132,"column":34},"end":{"line":132,"column":46}},"31":{"start":{"line":133,"column":48},"end":{"line":133,"column":60}},"32":{"start":{"line":134,"column":26},"end":{"line":134,"column":66}},"33":{"start":{"line":135,"column":28},"end":{"line":135,"column":40}},"34":{"start":{"line":136,"column":36},"end":{"line":136,"column":51}},"35":{"start":{"line":137,"column":23},"end":{"line":137,"column":32}},"36":{"start":{"line":138,"column":19},"end":{"line":138,"column":32}},"37":{"start":{"line":140,"column":23},"end":{"line":159,"column":3}},"38":{"start":{"line":141,"column":4},"end":{"line":141,"column":23}},"39":{"start":{"line":142,"column":4},"end":{"line":142,"column":17}},"40":{"start":{"line":144,"column":4},"end":{"line":147,"column":5}},"41":{"start":{"line":145,"column":6},"end":{"line":145,"column":38}},"42":{"start":{"line":146,"column":6},"end":{"line":146,"column":13}},"43":{"start":{"line":149,"column":4},"end":{"line":149,"column":23}},"44":{"start":{"line":151,"column":4},"end":{"line":158,"column":5}},"45":{"start":{"line":152,"column":6},"end":{"line":152,"column":50}},"46":{"start":{"line":153,"column":6},"end":{"line":153,"column":20}},"47":{"start":{"line":155,"column":6},"end":{"line":155,"column":66}},"48":{"start":{"line":157,"column":6},"end":{"line":157,"column":26}},"49":{"start":{"line":161,"column":2},"end":{"line":294,"column":4}},"50":{"start":{"line":197,"column":31},"end":{"line":197,"column":54}},"51":{"start":{"line":213,"column":31},"end":{"line":213,"column":55}},"52":{"start":{"line":229,"column":31},"end":{"line":229,"column":58}},"53":{"start":{"line":245,"column":31},"end":{"line":245,"column":65}},"54":{"start":{"line":260,"column":32},"end":{"line":260,"column":50}},"55":{"start":{"line":273,"column":32},"end":{"line":273,"column":48}}},"fnMap":{"0":{"name":"(anonymous_0)","decl":{"start":{"line":6,"column":35},"end":{"line":6,"column":38}},"loc":{"start":{"line":6,"column":40},"end":{"line":127,"column":1}}},"1":{"name":"(anonymous_1)","decl":{"start":{"line":14,"column":23},"end":{"line":14,"column":28}},"loc":{"start":{"line":14,"column":52},"end":{"line":38,"column":3}}},"2":{"name":"(anonymous_2)","decl":{"start":{"line":73,"column":24},"end":{"line":73,"column":25}},"loc":{"start":{"line":73,"column":31},"end":{"line":73,"column":55}}},"3":{"name":"(anonymous_3)","decl":{"start":{"line":88,"column":24},"end":{"line":88,"column":25}},"loc":{"start":{"line":88,"column":31},"end":{"line":88,"column":58}}},"4":{"name":"(anonymous_4)","decl":{"start":{"line":129,"column":38},"end":{"line":129,"column":41}},"loc":{"start":{"line":129,"column":43},"end":{"line":295,"column":1}}},"5":{"name":"(anonymous_5)","decl":{"start":{"line":140,"column":23},"end":{"line":140,"column":28}},"loc":{"start":{"line":140,"column":52},"end":{"line":159,"column":3}}},"6":{"name":"(anonymous_6)","decl":{"start":{"line":197,"column":24},"end":{"line":197,"column":25}},"loc":{"start":{"line":197,"column":31},"end":{"line":197,"column":54}}},"7":{"name":"(anonymous_7)","decl":{"start":{"line":213,"column":24},"end":{"line":213,"column":25}},"loc":{"start":{"line":213,"column":31},"end":{"line":213,"column":55}}},"8":{"name":"(anonymous_8)","decl":{"start":{"line":229,"column":24},"end":{"line":229,"column":25}},"loc":{"start":{"line":229,"column":31},"end":{"line":229,"column":58}}},"9":{"name":"(anonymous_9)","decl":{"start":{"line":245,"column":24},"end":{"line":245,"column":25}},"loc":{"start":{"line":245,"column":31},"end":{"line":245,"column":65}}},"10":{"name":"(anonymous_10)","decl":{"start":{"line":260,"column":26},"end":{"line":260,"column":29}},"loc":{"start":{"line":260,"column":32},"end":{"line":260,"column":50}}},"11":{"name":"(anonymous_11)","decl":{"start":{"line":273,"column":26},"end":{"line":273,"column":29}},"loc":{"start":{"line":273,"column":32},"end":{"line":273,"column":48}}}},"branchMap":{"0":{"loc":{"start":{"line":19,"column":4},"end":{"line":23,"column":5}},"type":"if","locations":[{"start":{"line":19,"column":4},"end":{"line":23,"column":5}}]},"1":{"loc":{"start":{"line":24,"column":4},"end":{"line":28,"column":5}},"type":"if","locations":[{"start":{"line":24,"column":4},"end":{"line":28,"column":5}}]},"2":{"loc":{"start":{"line":54,"column":9},"end":{"line":61,"column":null}},"type":"binary-expr","locations":[{"start":{"line":54,"column":9},"end":{"line":54,"column":14}},{"start":{"line":55,"column":10},"end":{"line":60,"column":null}}]},"3":{"loc":{"start":{"line":121,"column":13},"end":{"line":121,"column":44}},"type":"cond-expr","locations":[{"start":{"line":121,"column":25},"end":{"line":121,"column":34}},{"start":{"line":121,"column":37},"end":{"line":121,"column":44}}]},"4":{"loc":{"start":{"line":144,"column":4},"end":{"line":147,"column":5}},"type":"if","locations":[{"start":{"line":144,"column":4},"end":{"line":147,"column":5}}]},"5":{"loc":{"start":{"line":155,"column":15},"end":{"line":155,"column":64}},"type":"binary-expr","locations":[{"start":{"line":155,"column":15},"end":{"line":155,"column":26}},{"start":{"line":155,"column":30},"end":{"line":155,"column":64}}]},"6":{"loc":{"start":{"line":175,"column":9},"end":{"line":182,"column":null}},"type":"binary-expr","locations":[{"start":{"line":175,"column":9},"end":{"line":175,"column":14}},{"start":{"line":176,"column":10},"end":{"line":181,"column":null}}]},"7":{"loc":{"start":{"line":289,"column":13},"end":{"line":289,"column":67}},"type":"cond-expr","locations":[{"start":{"line":289,"column":25},"end":{"line":289,"column":47}},{"start":{"line":289,"column":50},"end":{"line":289,"column":67}}]}},"s":{"0":0,"1":0,"2":0,"3":0,"4":0,"5":0,"6":0,"7":0,"8":0,"9":0,"10":0,"11":0,"12":0,"13":0,"14":0,"15":0,"16":0,"17":0,"18":0,"19":0,"20":0,"21":0,"22":0,"23":0,"24":0,"25":0,"26":0,"27":0,"28":0,"29":0,"30":0,"31":0,"32":0,"33":0,"34":0,"35":0,"36":0,"37":0,"38":0,"39":0,"40":0,"41":0,"42":0,"43":0,"44":0,"45":0,"46":0,"47":0,"48":0,"49":0,"50":0,"51":0,"52":0,"53":0,"54":0,"55":0},"f":{"0":0,"1":0,"2":0,"3":0,"4":0,"5":0,"6":0,"7":0,"8":0,"9":0,"10":0,"11":0},"b":{"0":[0],"1":[0],"2":[0,0],"3":[0,0],"4":[0],"5":[0,0],"6":[0,0],"7":[0,0]}}
,"C:\\Users\\sidik\\WebstormProjects\\tutorPlatform\\project\\src\\components\\BookingForm.tsx": {"path":"C:\\Users\\sidik\\WebstormProjects\\tutorPlatform\\project\\src\\components\\BookingForm.tsx","statementMap":{"0":{"start":{"line":1,"column":0},"end":{"line":1,"column":40}},"1":{"start":{"line":3,"column":0},"end":{"line":3,"column":49}},"2":{"start":{"line":11,"column":48},"end":{"line":126,"column":1}},"3":{"start":{"line":12,"column":25},"end":{"line":12,"column":34}},"4":{"start":{"line":13,"column":26},"end":{"line":13,"column":38}},"5":{"start":{"line":14,"column":26},"end":{"line":14,"column":38}},"6":{"start":{"line":15,"column":32},"end":{"line":15,"column":65}},"7":{"start":{"line":16,"column":28},"end":{"line":16,"column":40}},"8":{"start":{"line":18,"column":23},"end":{"line":37,"column":3}},"9":{"start":{"line":19,"column":4},"end":{"line":19,"column":23}},"10":{"start":{"line":21,"column":4},"end":{"line":24,"column":5}},"11":{"start":{"line":22,"column":6},"end":{"line":22,"column":61}},"12":{"start":{"line":23,"column":6},"end":{"line":23,"column":13}},"13":{"start":{"line":26,"column":4},"end":{"line":36,"column":5}},"14":{"start":{"line":28,"column":22},"end":{"line":28,"column":63}},"15":{"start":{"line":30,"column":6},"end":{"line":33,"column":7}},"16":{"start":{"line":32,"column":8},"end":{"line":32,"column":19}},"17":{"start":{"line":35,"column":6},"end":{"line":35,"column":83}},"18":{"start":{"line":40,"column":28},"end":{"line":47,"column":3}},"19":{"start":{"line":41,"column":18},"end":{"line":41,"column":20}},"20":{"start":{"line":42,"column":4},"end":{"line":45,"column":5}},"21":{"start":{"line":42,"column":20},"end":{"line":42,"column":21}},"22":{"start":{"line":43,"column":6},"end":{"line":43,"column":31}},"23":{"start":{"line":44,"column":6},"end":{"line":44,"column":46}},"24":{"start":{"line":44,"column":21},"end":{"line":44,"column":46}},"25":{"start":{"line":46,"column":4},"end":{"line":46,"column":17}},"26":{"start":{"line":49,"column":20},"end":{"line":49,"column":39}},"27":{"start":{"line":51,"column":2},"end":{"line":125,"column":4}},"28":{"start":{"line":68,"column":29},"end":{"line":68,"column":55}},"29":{"start":{"line":72,"column":14},"end":{"line":72,"column":33}},"30":{"start":{"line":84,"column":29},"end":{"line":84,"column":52}},"31":{"start":{"line":97,"column":29},"end":{"line":97,"column":52}},"32":{"start":{"line":103,"column":14},"end":{"line":103,"column":33}},"33":{"start":{"line":128,"column":0},"end":{"line":128,"column":27}}},"fnMap":{"0":{"name":"(anonymous_9)","decl":{"start":{"line":11,"column":48},"end":{"line":11,"column":49}},"loc":{"start":{"line":11,"column":82},"end":{"line":126,"column":1}}},"1":{"name":"(anonymous_10)","decl":{"start":{"line":18,"column":23},"end":{"line":18,"column":24}},"loc":{"start":{"line":18,"column":46},"end":{"line":37,"column":3}}},"2":{"name":"(anonymous_11)","decl":{"start":{"line":40,"column":28},"end":{"line":40,"column":31}},"loc":{"start":{"line":40,"column":33},"end":{"line":47,"column":3}}},"3":{"name":"(anonymous_12)","decl":{"start":{"line":68,"column":22},"end":{"line":68,"column":23}},"loc":{"start":{"line":68,"column":29},"end":{"line":68,"column":55}}},"4":{"name":"(anonymous_13)","decl":{"start":{"line":71,"column":32},"end":{"line":71,"column":36}},"loc":{"start":{"line":72,"column":14},"end":{"line":72,"column":33}}},"5":{"name":"(anonymous_14)","decl":{"start":{"line":84,"column":22},"end":{"line":84,"column":23}},"loc":{"start":{"line":84,"column":29},"end":{"line":84,"column":52}}},"6":{"name":"(anonymous_15)","decl":{"start":{"line":97,"column":22},"end":{"line":97,"column":23}},"loc":{"start":{"line":97,"column":29},"end":{"line":97,"column":52}}},"7":{"name":"(anonymous_16)","decl":{"start":{"line":102,"column":27},"end":{"line":102,"column":31}},"loc":{"start":{"line":103,"column":14},"end":{"line":103,"column":33}}}},"branchMap":{"0":{"loc":{"start":{"line":15,"column":41},"end":{"line":15,"column":64}},"type":"binary-expr","locations":[{"start":{"line":15,"column":41},"end":{"line":15,"column":58}},{"start":{"line":15,"column":62},"end":{"line":15,"column":64}}]},"1":{"loc":{"start":{"line":21,"column":4},"end":{"line":24,"column":5}},"type":"if","locations":[{"start":{"line":21,"column":4},"end":{"line":24,"column":5}}]},"2":{"loc":{"start":{"line":21,"column":8},"end":{"line":21,"column":22}},"type":"binary-expr","locations":[{"start":{"line":21,"column":8},"end":{"line":21,"column":13}},{"start":{"line":21,"column":17},"end":{"line":21,"column":22}}]},"3":{"loc":{"start":{"line":30,"column":6},"end":{"line":33,"column":7}},"type":"if","locations":[{"start":{"line":30,"column":6},"end":{"line":33,"column":7}}]},"4":{"loc":{"start":{"line":44,"column":6},"end":{"line":44,"column":46}},"type":"if","locations":[{"start":{"line":44,"column":6},"end":{"line":44,"column":46}}]},"5":{"loc":{"start":{"line":55,"column":7},"end":{"line":58,"column":null}},"type":"binary-expr","locations":[{"start":{"line":55,"column":7},"end":{"line":55,"column":12}},{"start":{"line":56,"column":8},"end":{"line":57,"column":null}}]}},"s":{"0":1,"1":1,"2":1,"3":0,"4":0,"5":0,"6":0,"7":0,"8":0,"9":0,"10":0,"11":0,"12":0,"13":0,"14":0,"15":0,"16":0,"17":0,"18":0,"19":0,"20":0,"21":0,"22":0,"23":0,"24":0,"25":0,"26":0,"27":0,"28":0,"29":0,"30":0,"31":0,"32":0,"33":1},"f":{"0":0,"1":0,"2":0,"3":0,"4":0,"5":0,"6":0,"7":0},"b":{"0":[0,0],"1":[0],"2":[0,0],"3":[0],"4":[0],"5":[0,0]}}
,"C:\\Users\\sidik\\WebstormProjects\\tutorPlatform\\project\\src\\components\\ContactForm.tsx": {"path":"C:\\Users\\sidik\\WebstormProjects\\tutorPlatform\\project\\src\\components\\ContactForm.tsx","statementMap":{"0":{"start":{"line":1,"column":0},"end":{"line":1,"column":40}},"1":{"start":{"line":10,"column":48},"end":{"line":40,"column":1}},"2":{"start":{"line":11,"column":32},"end":{"line":11,"column":44}},"3":{"start":{"line":13,"column":2},"end":{"line":39,"column":4}},"4":{"start":{"line":21,"column":25},"end":{"line":21,"column":51}},"5":{"start":{"line":32,"column":25},"end":{"line":32,"column":42}},"6":{"start":{"line":42,"column":0},"end":{"line":42,"column":27}}},"fnMap":{"0":{"name":"(anonymous_9)","decl":{"start":{"line":10,"column":48},"end":{"line":10,"column":49}},"loc":{"start":{"line":10,"column":82},"end":{"line":40,"column":1}}},"1":{"name":"(anonymous_10)","decl":{"start":{"line":21,"column":18},"end":{"line":21,"column":19}},"loc":{"start":{"line":21,"column":25},"end":{"line":21,"column":51}}},"2":{"name":"(anonymous_11)","decl":{"start":{"line":32,"column":19},"end":{"line":32,"column":22}},"loc":{"start":{"line":32,"column":25},"end":{"line":32,"column":42}}}},"branchMap":{},"s":{"0":1,"1":1,"2":0,"3":0,"4":0,"5":0,"6":1},"f":{"0":0,"1":0,"2":0},"b":{}}
,"C:\\Users\\sidik\\WebstormProjects\\tutorPlatform\\project\\src\\components\\Dashboard.tsx": {"path":"C:\\Users\\sidik\\WebstormProjects\\tutorPlatform\\project\\src\\components\\Dashboard.tsx","statementMap":{"0":{"start":{"line":5,"column":28},"end":{"line":172,"column":1}},"1":{"start":{"line":6,"column":48},"end":{"line":6,"column":63}},"2":{"start":{"line":7,"column":54},"end":{"line":7,"column":69}},"3":{"start":{"line":8,"column":46},"end":{"line":8,"column":61}},"4":{"start":{"line":10,"column":28},"end":{"line":12,"column":3}},"5":{"start":{"line":11,"column":4},"end":{"line":11,"column":29}},"6":{"start":{"line":14,"column":31},"end":{"line":16,"column":3}},"7":{"start":{"line":15,"column":4},"end":{"line":15,"column":32}},"8":{"start":{"line":18,"column":27},"end":{"line":20,"column":3}},"9":{"start":{"line":19,"column":4},"end":{"line":19,"column":28}},"10":{"start":{"line":22,"column":2},"end":{"line":171,"column":4}},"11":{"start":{"line":69,"column":33},"end":{"line":69,"column":58}},"12":{"start":{"line":115,"column":33},"end":{"line":115,"column":61}},"13":{"start":{"line":154,"column":33},"end":{"line":154,"column":57}}},"fnMap":{"0":{"name":"(anonymous_0)","decl":{"start":{"line":5,"column":28},"end":{"line":5,"column":31}},"loc":{"start":{"line":5,"column":33},"end":{"line":172,"column":1}}},"1":{"name":"(anonymous_1)","decl":{"start":{"line":10,"column":28},"end":{"line":10,"column":31}},"loc":{"start":{"line":10,"column":33},"end":{"line":12,"column":3}}},"2":{"name":"(anonymous_2)","decl":{"start":{"line":14,"column":31},"end":{"line":14,"column":34}},"loc":{"start":{"line":14,"column":36},"end":{"line":16,"column":3}}},"3":{"name":"(anonymous_3)","decl":{"start":{"line":18,"column":27},"end":{"line":18,"column":30}},"loc":{"start":{"line":18,"column":32},"end":{"line":20,"column":3}}},"4":{"name":"(anonymous_4)","decl":{"start":{"line":69,"column":27},"end":{"line":69,"column":30}},"loc":{"start":{"line":69,"column":33},"end":{"line":69,"column":58}}},"5":{"name":"(anonymous_5)","decl":{"start":{"line":115,"column":27},"end":{"line":115,"column":30}},"loc":{"start":{"line":115,"column":33},"end":{"line":115,"column":61}}},"6":{"name":"(anonymous_6)","decl":{"start":{"line":154,"column":27},"end":{"line":154,"column":30}},"loc":{"start":{"line":154,"column":33},"end":{"line":154,"column":57}}}},"branchMap":{"0":{"loc":{"start":{"line":47,"column":7},"end":{"line":83,"column":null}},"type":"binary-expr","locations":[{"start":{"line":47,"column":7},"end":{"line":47,"column":22}},{"start":{"line":48,"column":8},"end":{"line":82,"column":null}}]},"1":{"loc":{"start":{"line":86,"column":7},"end":{"line":129,"column":null}},"type":"binary-expr","locations":[{"start":{"line":86,"column":7},"end":{"line":86,"column":25}},{"start":{"line":87,"column":8},"end":{"line":128,"column":null}}]},"2":{"loc":{"start":{"line":132,"column":7},"end":{"line":168,"column":null}},"type":"binary-expr","locations":[{"start":{"line":132,"column":7},"end":{"line":132,"column":21}},{"start":{"line":133,"column":8},"end":{"line":167,"column":null}}]}},"s":{"0":0,"1":0,"2":0,"3":0,"4":0,"5":0,"6":0,"7":0,"8":0,"9":0,"10":0,"11":0,"12":0,"13":0},"f":{"0":0,"1":0,"2":0,"3":0,"4":0,"5":0,"6":0},"b":{"0":[0,0],"1":[0,0],"2":[0,0]}}
,"C:\\Users\\sidik\\WebstormProjects\\tutorPlatform\\project\\src\\components\\Footer.tsx": {"path":"C:\\Users\\sidik\\WebstormProjects\\tutorPlatform\\project\\src\\components\\Footer.tsx","statementMap":{"0":{"start":{"line":5,"column":25},"end":{"line":86,"column":1}},"1":{"start":{"line":6,"column":2},"end":{"line":85,"column":4}}},"fnMap":{"0":{"name":"(anonymous_0)","decl":{"start":{"line":5,"column":25},"end":{"line":5,"column":28}},"loc":{"start":{"line":5,"column":30},"end":{"line":86,"column":1}}}},"branchMap":{},"s":{"0":0,"1":0},"f":{"0":0},"b":{}}
,"C:\\Users\\sidik\\WebstormProjects\\tutorPlatform\\project\\src\\components\\Header.tsx": {"path":"C:\\Users\\sidik\\WebstormProjects\\tutorPlatform\\project\\src\\components\\Header.tsx","statementMap":{"0":{"start":{"line":6,"column":25},"end":{"line":162,"column":1}},"1":{"start":{"line":7,"column":44},"end":{"line":7,"column":53}},"2":{"start":{"line":8,"column":38},"end":{"line":8,"column":53}},"3":{"start":{"line":9,"column":19},"end":{"line":9,"column":32}},"4":{"start":{"line":11,"column":21},"end":{"line":11,"column":53}},"5":{"start":{"line":11,"column":27},"end":{"line":11,"column":53}},"6":{"start":{"line":12,"column":20},"end":{"line":12,"column":46}},"7":{"start":{"line":12,"column":26},"end":{"line":12,"column":46}},"8":{"start":{"line":14,"column":19},"end":{"line":16,"column":3}},"9":{"start":{"line":15,"column":4},"end":{"line":15,"column":106}},"10":{"start":{"line":18,"column":2},"end":{"line":161,"column":4}},"11":{"start":{"line":133,"column":35},"end":{"line":133,"column":44}},"12":{"start":{"line":133,"column":45},"end":{"line":133,"column":57}}},"fnMap":{"0":{"name":"(anonymous_0)","decl":{"start":{"line":6,"column":25},"end":{"line":6,"column":28}},"loc":{"start":{"line":6,"column":30},"end":{"line":162,"column":1}}},"1":{"name":"(anonymous_1)","decl":{"start":{"line":11,"column":21},"end":{"line":11,"column":24}},"loc":{"start":{"line":11,"column":27},"end":{"line":11,"column":53}}},"2":{"name":"(anonymous_2)","decl":{"start":{"line":12,"column":20},"end":{"line":12,"column":23}},"loc":{"start":{"line":12,"column":26},"end":{"line":12,"column":46}}},"3":{"name":"(anonymous_3)","decl":{"start":{"line":14,"column":19},"end":{"line":14,"column":20}},"loc":{"start":{"line":14,"column":36},"end":{"line":16,"column":3}}},"4":{"name":"(anonymous_4)","decl":{"start":{"line":133,"column":27},"end":{"line":133,"column":30}},"loc":{"start":{"line":133,"column":32},"end":{"line":133,"column":59}}}},"branchMap":{"0":{"loc":{"start":{"line":15,"column":11},"end":{"line":15,"column":105}},"type":"cond-expr","locations":[{"start":{"line":15,"column":40},"end":{"line":15,"column":67}},{"start":{"line":15,"column":70},"end":{"line":15,"column":105}}]},"1":{"loc":{"start":{"line":39,"column":13},"end":{"line":70,"column":null}},"type":"cond-expr","locations":[{"start":{"line":40,"column":14},"end":{"line":54,"column":null}},{"start":{"line":57,"column":14},"end":{"line":69,"column":null}}]},"2":{"loc":{"start":{"line":81,"column":15},"end":{"line":84,"column":null}},"type":"cond-expr","locations":[{"start":{"line":82,"column":16},"end":{"line":82,"column":66}},{"start":{"line":84,"column":16},"end":{"line":84,"column":69}}]},"3":{"loc":{"start":{"line":92,"column":7},"end":{"line":158,"column":null}},"type":"binary-expr","locations":[{"start":{"line":92,"column":7},"end":{"line":92,"column":17}},{"start":{"line":93,"column":8},"end":{"line":157,"column":null}}]},"4":{"loc":{"start":{"line":123,"column":13},"end":{"line":155,"column":null}},"type":"cond-expr","locations":[{"start":{"line":124,"column":14},"end":{"line":137,"column":null}},{"start":{"line":140,"column":14},"end":{"line":154,"column":null}}]}},"s":{"0":0,"1":0,"2":0,"3":0,"4":0,"5":0,"6":0,"7":0,"8":0,"9":0,"10":0,"11":0,"12":0},"f":{"0":0,"1":0,"2":0,"3":0,"4":0},"b":{"0":[0,0],"1":[0,0],"2":[0,0],"3":[0,0],"4":[0,0]}}
,"C:\\Users\\sidik\\WebstormProjects\\tutorPlatform\\project\\src\\components\\Modal.tsx": {"path":"C:\\Users\\sidik\\WebstormProjects\\tutorPlatform\\project\\src\\components\\Modal.tsx","statementMap":{"0":{"start":{"line":1,"column":0},"end":{"line":1,"column":49}},"1":{"start":{"line":8,"column":36},"end":{"line":40,"column":1}},"2":{"start":{"line":9,"column":19},"end":{"line":9,"column":47}},"3":{"start":{"line":12,"column":29},"end":{"line":16,"column":3}},"4":{"start":{"line":13,"column":4},"end":{"line":15,"column":5}},"5":{"start":{"line":14,"column":6},"end":{"line":14,"column":16}},"6":{"start":{"line":19,"column":2},"end":{"line":25,"column":9}},"7":{"start":{"line":20,"column":4},"end":{"line":20,"column":63}},"8":{"start":{"line":22,"column":4},"end":{"line":24,"column":6}},"9":{"start":{"line":23,"column":6},"end":{"line":23,"column":68}},"10":{"start":{"line":27,"column":2},"end":{"line":39,"column":4}},"11":{"start":{"line":42,"column":0},"end":{"line":42,"column":21}}},"fnMap":{"0":{"name":"(anonymous_9)","decl":{"start":{"line":8,"column":36},"end":{"line":8,"column":37}},"loc":{"start":{"line":8,"column":62},"end":{"line":40,"column":1}}},"1":{"name":"(anonymous_10)","decl":{"start":{"line":12,"column":29},"end":{"line":12,"column":30}},"loc":{"start":{"line":12,"column":47},"end":{"line":16,"column":3}}},"2":{"name":"(anonymous_11)","decl":{"start":{"line":19,"column":12},"end":{"line":19,"column":15}},"loc":{"start":{"line":19,"column":17},"end":{"line":25,"column":3}}},"3":{"name":"(anonymous_12)","decl":{"start":{"line":22,"column":11},"end":{"line":22,"column":14}},"loc":{"start":{"line":22,"column":16},"end":{"line":24,"column":5}}}},"branchMap":{"0":{"loc":{"start":{"line":13,"column":4},"end":{"line":15,"column":5}},"type":"if","locations":[{"start":{"line":13,"column":4},"end":{"line":15,"column":5}}]},"1":{"loc":{"start":{"line":13,"column":8},"end":{"line":13,"column":72}},"type":"binary-expr","locations":[{"start":{"line":13,"column":8},"end":{"line":13,"column":24}},{"start":{"line":13,"column":28},"end":{"line":13,"column":72}}]}},"s":{"0":2,"1":2,"2":4,"3":4,"4":1,"5":1,"6":4,"7":4,"8":4,"9":4,"10":4,"11":2},"f":{"0":4,"1":1,"2":4,"3":4},"b":{"0":[1],"1":[1,1]}}
,"C:\\Users\\sidik\\WebstormProjects\\tutorPlatform\\project\\src\\components\\ReviewCard.tsx": {"path":"C:\\Users\\sidik\\WebstormProjects\\tutorPlatform\\project\\src\\components\\ReviewCard.tsx","statementMap":{"0":{"start":{"line":9,"column":46},"end":{"line":73,"column":1}},"1":{"start":{"line":11,"column":22},"end":{"line":30,"column":3}},"2":{"start":{"line":12,"column":18},"end":{"line":12,"column":20}},"3":{"start":{"line":13,"column":22},"end":{"line":13,"column":40}},"4":{"start":{"line":14,"column":24},"end":{"line":14,"column":41}},"5":{"start":{"line":16,"column":4},"end":{"line":18,"column":5}},"6":{"start":{"line":16,"column":17},"end":{"line":16,"column":18}},"7":{"start":{"line":17,"column":6},"end":{"line":17,"column":93}},"8":{"start":{"line":20,"column":4},"end":{"line":22,"column":5}},"9":{"start":{"line":21,"column":6},"end":{"line":21,"column":90}},"10":{"start":{"line":24,"column":23},"end":{"line":24,"column":60}},"11":{"start":{"line":25,"column":4},"end":{"line":27,"column":5}},"12":{"start":{"line":25,"column":17},"end":{"line":25,"column":18}},"13":{"start":{"line":26,"column":6},"end":{"line":26,"column":80}},"14":{"start":{"line":29,"column":4},"end":{"line":29,"column":17}},"15":{"start":{"line":33,"column":21},"end":{"line":36,"column":3}},"16":{"start":{"line":34,"column":48},"end":{"line":34,"column":98}},"17":{"start":{"line":35,"column":4},"end":{"line":35,"column":69}},"18":{"start":{"line":38,"column":2},"end":{"line":72,"column":4}},"19":{"start":{"line":51,"column":53},"end":{"line":51,"column":57}}},"fnMap":{"0":{"name":"(anonymous_0)","decl":{"start":{"line":9,"column":46},"end":{"line":9,"column":47}},"loc":{"start":{"line":9,"column":61},"end":{"line":73,"column":1}}},"1":{"name":"(anonymous_1)","decl":{"start":{"line":11,"column":22},"end":{"line":11,"column":23}},"loc":{"start":{"line":11,"column":41},"end":{"line":30,"column":3}}},"2":{"name":"(anonymous_2)","decl":{"start":{"line":33,"column":21},"end":{"line":33,"column":22}},"loc":{"start":{"line":33,"column":44},"end":{"line":36,"column":3}}},"3":{"name":"(anonymous_3)","decl":{"start":{"line":51,"column":48},"end":{"line":51,"column":49}},"loc":{"start":{"line":51,"column":53},"end":{"line":51,"column":57}}}},"branchMap":{"0":{"loc":{"start":{"line":20,"column":4},"end":{"line":22,"column":5}},"type":"if","locations":[{"start":{"line":20,"column":4},"end":{"line":22,"column":5}}]},"1":{"loc":{"start":{"line":24,"column":40},"end":{"line":24,"column":59}},"type":"cond-expr","locations":[{"start":{"line":24,"column":54},"end":{"line":24,"column":55}},{"start":{"line":24,"column":58},"end":{"line":24,"column":59}}]},"2":{"loc":{"start":{"line":42,"column":11},"end":{"line":53,"column":null}},"type":"cond-expr","locations":[{"start":{"line":43,"column":12},"end":{"line":46,"column":null}},{"start":{"line":49,"column":12},"end":{"line":52,"column":null}}]}},"s":{"0":0,"1":0,"2":0,"3":0,"4":0,"5":0,"6":0,"7":0,"8":0,"9":0,"10":0,"11":0,"12":0,"13":0,"14":0,"15":0,"16":0,"17":0,"18":0,"19":0},"f":{"0":0,"1":0,"2":0,"3":0},"b":{"0":[0],"1":[0,0],"2":[0,0]}}
,"C:\\Users\\sidik\\WebstormProjects\\tutorPlatform\\project\\src\\components\\TutorCard.tsx": {"path":"C:\\Users\\sidik\\WebstormProjects\\tutorPlatform\\project\\src\\components\\TutorCard.tsx","statementMap":{"0":{"start":{"line":1,"column":0},"end":{"line":1,"column":26}},"1":{"start":{"line":2,"column":0},"end":{"line":2,"column":40}},"2":{"start":{"line":3,"column":0},"end":{"line":3,"column":65}},"3":{"start":{"line":5,"column":0},"end":{"line":5,"column":49}},"4":{"start":{"line":13,"column":44},"end":{"line":126,"column":1}},"5":{"start":{"line":14,"column":58},"end":{"line":14,"column":67}},"6":{"start":{"line":15,"column":42},"end":{"line":15,"column":78}},"7":{"start":{"line":17,"column":31},"end":{"line":24,"column":3}},"8":{"start":{"line":18,"column":4},"end":{"line":18,"column":23}},"9":{"start":{"line":19,"column":4},"end":{"line":19,"column":24}},"10":{"start":{"line":20,"column":4},"end":{"line":23,"column":5}},"11":{"start":{"line":21,"column":23},"end":{"line":21,"column":47}},"12":{"start":{"line":22,"column":6},"end":{"line":22,"column":32}},"13":{"start":{"line":26,"column":2},"end":{"line":125,"column":4}},"14":{"start":{"line":62,"column":14},"end":{"line":63,"column":null}},"15":{"start":{"line":128,"column":0},"end":{"line":128,"column":25}}},"fnMap":{"0":{"name":"(anonymous_1)","decl":{"start":{"line":13,"column":44},"end":{"line":13,"column":45}},"loc":{"start":{"line":13,"column":88},"end":{"line":126,"column":1}}},"1":{"name":"(anonymous_2)","decl":{"start":{"line":17,"column":31},"end":{"line":17,"column":32}},"loc":{"start":{"line":17,"column":55},"end":{"line":24,"column":3}}},"2":{"name":"(anonymous_3)","decl":{"start":{"line":61,"column":44},"end":{"line":61,"column":45}},"loc":{"start":{"line":62,"column":14},"end":{"line":63,"column":null}}}},"branchMap":{"0":{"loc":{"start":{"line":20,"column":4},"end":{"line":23,"column":5}},"type":"if","locations":[{"start":{"line":20,"column":4},"end":{"line":23,"column":5}}]},"1":{"loc":{"start":{"line":40,"column":52},"end":{"line":40,"column":118}},"type":"cond-expr","locations":[{"start":{"line":40,"column":67},"end":{"line":40,"column":81}},{"start":{"line":40,"column":84},"end":{"line":40,"column":118}}]},"2":{"loc":{"start":{"line":41,"column":28},"end":{"line":41,"column":91}},"type":"cond-expr","locations":[{"start":{"line":41,"column":43},"end":{"line":41,"column":66}},{"start":{"line":41,"column":69},"end":{"line":41,"column":91}}]},"3":{"loc":{"start":{"line":43,"column":45},"end":{"line":43,"column":79}},"type":"cond-expr","locations":[{"start":{"line":43,"column":60},"end":{"line":43,"column":74}},{"start":{"line":43,"column":77},"end":{"line":43,"column":79}}]},"4":{"loc":{"start":{"line":51,"column":13},"end":{"line":54,"column":null}},"type":"binary-expr","locations":[{"start":{"line":51,"column":13},"end":{"line":51,"column":34}},{"start":{"line":52,"column":14},"end":{"line":53,"column":null}}]},"5":{"loc":{"start":{"line":69,"column":13},"end":{"line":72,"column":null}},"type":"binary-expr","locations":[{"start":{"line":69,"column":13},"end":{"line":69,"column":38}},{"start":{"line":70,"column":14},"end":{"line":71,"column":null}}]},"6":{"loc":{"start":{"line":82,"column":13},"end":{"line":86,"column":null}},"type":"binary-expr","locations":[{"start":{"line":82,"column":13},"end":{"line":82,"column":25}},{"start":{"line":83,"column":14},"end":{"line":85,"column":null}}]},"7":{"loc":{"start":{"line":88,"column":13},"end":{"line":92,"column":null}},"type":"binary-expr","locations":[{"start":{"line":88,"column":13},"end":{"line":88,"column":27}},{"start":{"line":89,"column":14},"end":{"line":91,"column":null}}]}},"s":{"0":2,"1":2,"2":2,"3":2,"4":2,"5":2,"6":2,"7":2,"8":0,"9":0,"10":0,"11":0,"12":0,"13":2,"14":4,"15":2},"f":{"0":2,"1":0,"2":4},"b":{"0":[0],"1":[0,2],"2":[0,2],"3":[0,2],"4":[2,0],"5":[2,0],"6":[2,2],"7":[2,0]}}
,"C:\\Users\\sidik\\WebstormProjects\\tutorPlatform\\project\\src\\components\\TutorFilter.tsx": {"path":"C:\\Users\\sidik\\WebstormProjects\\tutorPlatform\\project\\src\\components\\TutorFilter.tsx","statementMap":{"0":{"start":{"line":1,"column":0},"end":{"line":1,"column":51}},"1":{"start":{"line":2,"column":0},"end":{"line":2,"column":49}},"2":{"start":{"line":3,"column":0},"end":{"line":3,"column":50}},"3":{"start":{"line":16,"column":48},"end":{"line":201,"column":1}},"4":{"start":{"line":17,"column":38},"end":{"line":17,"column":50}},"5":{"start":{"line":18,"column":32},"end":{"line":18,"column":44}},"6":{"start":{"line":19,"column":38},"end":{"line":19,"column":56}},"7":{"start":{"line":20,"column":38},"end":{"line":20,"column":53}},"8":{"start":{"line":21,"column":42},"end":{"line":21,"column":57}},"9":{"start":{"line":22,"column":44},"end":{"line":22,"column":59}},"10":{"start":{"line":23,"column":34},"end":{"line":23,"column":56}},"11":{"start":{"line":25,"column":2},"end":{"line":27,"column":9}},"12":{"start":{"line":26,"column":4},"end":{"line":26,"column":41}},"13":{"start":{"line":29,"column":29},"end":{"line":32,"column":3}},"14":{"start":{"line":30,"column":4},"end":{"line":30,"column":34}},"15":{"start":{"line":31,"column":4},"end":{"line":31,"column":80}},"16":{"start":{"line":34,"column":30},"end":{"line":37,"column":3}},"17":{"start":{"line":35,"column":4},"end":{"line":35,"column":31}},"18":{"start":{"line":36,"column":4},"end":{"line":36,"column":83}},"19":{"start":{"line":39,"column":28},"end":{"line":46,"column":3}},"20":{"start":{"line":40,"column":18},"end":{"line":40,"column":42}},"21":{"start":{"line":41,"column":18},"end":{"line":41,"column":54}},"22":{"start":{"line":42,"column":26},"end":{"line":42,"column":41}},"23":{"start":{"line":43,"column":4},"end":{"line":43,"column":33}},"24":{"start":{"line":44,"column":4},"end":{"line":44,"column":33}},"25":{"start":{"line":45,"column":4},"end":{"line":45,"column":79}},"26":{"start":{"line":48,"column":29},"end":{"line":51,"column":3}},"27":{"start":{"line":49,"column":4},"end":{"line":49,"column":36}},"28":{"start":{"line":50,"column":4},"end":{"line":50,"column":82}},"29":{"start":{"line":53,"column":31},"end":{"line":56,"column":3}},"30":{"start":{"line":54,"column":4},"end":{"line":54,"column":38}},"31":{"start":{"line":55,"column":4},"end":{"line":55,"column":80}},"32":{"start":{"line":58,"column":23},"end":{"line":65,"column":3}},"33":{"start":{"line":59,"column":4},"end":{"line":59,"column":22}},"34":{"start":{"line":60,"column":4},"end":{"line":60,"column":19}},"35":{"start":{"line":61,"column":4},"end":{"line":61,"column":28}},"36":{"start":{"line":62,"column":4},"end":{"line":62,"column":25}},"37":{"start":{"line":63,"column":4},"end":{"line":63,"column":27}},"38":{"start":{"line":64,"column":4},"end":{"line":64,"column":49}},"39":{"start":{"line":67,"column":23},"end":{"line":82,"column":3}},"40":{"start":{"line":74,"column":4},"end":{"line":81,"column":7}},"41":{"start":{"line":84,"column":2},"end":{"line":200,"column":4}},"42":{"start":{"line":103,"column":27},"end":{"line":103,"column":59}},"43":{"start":{"line":132,"column":16},"end":{"line":132,"column":36}},"44":{"start":{"line":203,"column":0},"end":{"line":203,"column":27}}},"fnMap":{"0":{"name":"(anonymous_9)","decl":{"start":{"line":16,"column":48},"end":{"line":16,"column":49}},"loc":{"start":{"line":16,"column":71},"end":{"line":201,"column":1}}},"1":{"name":"(anonymous_10)","decl":{"start":{"line":25,"column":12},"end":{"line":25,"column":15}},"loc":{"start":{"line":25,"column":17},"end":{"line":27,"column":3}}},"2":{"name":"(anonymous_11)","decl":{"start":{"line":29,"column":29},"end":{"line":29,"column":30}},"loc":{"start":{"line":29,"column":72},"end":{"line":32,"column":3}}},"3":{"name":"(anonymous_12)","decl":{"start":{"line":34,"column":30},"end":{"line":34,"column":31}},"loc":{"start":{"line":34,"column":74},"end":{"line":37,"column":3}}},"4":{"name":"(anonymous_13)","decl":{"start":{"line":39,"column":28},"end":{"line":39,"column":29}},"loc":{"start":{"line":39,"column":71},"end":{"line":46,"column":3}}},"5":{"name":"(anonymous_14)","decl":{"start":{"line":48,"column":29},"end":{"line":48,"column":30}},"loc":{"start":{"line":48,"column":72},"end":{"line":51,"column":3}}},"6":{"name":"(anonymous_15)","decl":{"start":{"line":53,"column":31},"end":{"line":53,"column":32}},"loc":{"start":{"line":53,"column":74},"end":{"line":56,"column":3}}},"7":{"name":"(anonymous_16)","decl":{"start":{"line":58,"column":23},"end":{"line":58,"column":26}},"loc":{"start":{"line":58,"column":28},"end":{"line":65,"column":3}}},"8":{"name":"(anonymous_17)","decl":{"start":{"line":67,"column":23},"end":{"line":67,"column":null}},"loc":{"start":{"line":73,"column":6},"end":{"line":82,"column":3}}},"9":{"name":"(anonymous_18)","decl":{"start":{"line":103,"column":21},"end":{"line":103,"column":24}},"loc":{"start":{"line":103,"column":27},"end":{"line":103,"column":59}}},"10":{"name":"(anonymous_19)","decl":{"start":{"line":131,"column":28},"end":{"line":131,"column":29}},"loc":{"start":{"line":132,"column":16},"end":{"line":132,"column":36}}}},"branchMap":{"0":{"loc":{"start":{"line":41,"column":18},"end":{"line":41,"column":54}},"type":"cond-expr","locations":[{"start":{"line":41,"column":49},"end":{"line":41,"column":50}},{"start":{"line":41,"column":53},"end":{"line":41,"column":54}}]},"1":{"loc":{"start":{"line":106,"column":13},"end":{"line":106,"column":97}},"type":"cond-expr","locations":[{"start":{"line":106,"column":29},"end":{"line":106,"column":59}},{"start":{"line":106,"column":62},"end":{"line":106,"column":97}}]},"2":{"loc":{"start":{"line":107,"column":19},"end":{"line":107,"column":72}},"type":"cond-expr","locations":[{"start":{"line":107,"column":35},"end":{"line":107,"column":51}},{"start":{"line":107,"column":54},"end":{"line":107,"column":72}}]},"3":{"loc":{"start":{"line":118,"column":7},"end":{"line":197,"column":null}},"type":"binary-expr","locations":[{"start":{"line":118,"column":7},"end":{"line":118,"column":20}},{"start":{"line":119,"column":8},"end":{"line":196,"column":null}}]}},"s":{"0":1,"1":1,"2":1,"3":1,"4":2,"5":2,"6":2,"7":2,"8":2,"9":2,"10":2,"11":2,"12":2,"13":2,"14":0,"15":0,"16":2,"17":0,"18":0,"19":2,"20":0,"21":0,"22":0,"23":0,"24":0,"25":0,"26":2,"27":0,"28":0,"29":2,"30":0,"31":0,"32":2,"33":0,"34":0,"35":0,"36":0,"37":0,"38":0,"39":2,"40":0,"41":2,"42":0,"43":0,"44":1},"f":{"0":2,"1":2,"2":0,"3":0,"4":0,"5":0,"6":0,"7":0,"8":0,"9":0,"10":0},"b":{"0":[0,0],"1":[0,2],"2":[0,2],"3":[2,0]}}
,"C:\\Users\\sidik\\WebstormProjects\\tutorPlatform\\project\\src\\components\\TutorProfile.tsx": {"path":"C:\\Users\\sidik\\WebstormProjects\\tutorPlatform\\project\\src\\components\\TutorProfile.tsx","statementMap":{"0":{"start":{"line":3,"column":31},"end":{"line":105,"column":1}},"1":{"start":{"line":4,"column":48},"end":{"line":4,"column":63}},"2":{"start":{"line":5,"column":48},"end":{"line":5,"column":63}},"3":{"start":{"line":7,"column":24},"end":{"line":9,"column":3}},"4":{"start":{"line":8,"column":4},"end":{"line":8,"column":29}},"5":{"start":{"line":11,"column":28},"end":{"line":13,"column":3}},"6":{"start":{"line":12,"column":4},"end":{"line":12,"column":29}},"7":{"start":{"line":15,"column":2},"end":{"line":104,"column":4}},"8":{"start":{"line":48,"column":33},"end":{"line":48,"column":58}},"9":{"start":{"line":87,"column":33},"end":{"line":87,"column":58}}},"fnMap":{"0":{"name":"(anonymous_0)","decl":{"start":{"line":3,"column":31},"end":{"line":3,"column":34}},"loc":{"start":{"line":3,"column":36},"end":{"line":105,"column":1}}},"1":{"name":"(anonymous_1)","decl":{"start":{"line":7,"column":24},"end":{"line":7,"column":27}},"loc":{"start":{"line":7,"column":29},"end":{"line":9,"column":3}}},"2":{"name":"(anonymous_2)","decl":{"start":{"line":11,"column":28},"end":{"line":11,"column":31}},"loc":{"start":{"line":11,"column":33},"end":{"line":13,"column":3}}},"3":{"name":"(anonymous_3)","decl":{"start":{"line":48,"column":27},"end":{"line":48,"column":30}},"loc":{"start":{"line":48,"column":33},"end":{"line":48,"column":58}}},"4":{"name":"(anonymous_4)","decl":{"start":{"line":87,"column":27},"end":{"line":87,"column":30}},"loc":{"start":{"line":87,"column":33},"end":{"line":87,"column":58}}}},"branchMap":{"0":{"loc":{"start":{"line":33,"column":7},"end":{"line":62,"column":null}},"type":"binary-expr","locations":[{"start":{"line":33,"column":7},"end":{"line":33,"column":22}},{"start":{"line":34,"column":8},"end":{"line":61,"column":null}}]},"1":{"loc":{"start":{"line":65,"column":7},"end":{"line":101,"column":null}},"type":"binary-expr","locations":[{"start":{"line":65,"column":7},"end":{"line":65,"column":22}},{"start":{"line":66,"column":8},"end":{"line":100,"column":null}}]}},"s":{"0":0,"1":0,"2":0,"3":0,"4":0,"5":0,"6":0,"7":0,"8":0,"9":0},"f":{"0":0,"1":0,"2":0,"3":0,"4":0},"b":{"0":[0,0],"1":[0,0]}}
,"C:\\Users\\sidik\\WebstormProjects\\tutorPlatform\\project\\src\\context\\AuthContext.tsx": {"path":"C:\\Users\\sidik\\WebstormProjects\\tutorPlatform\\project\\src\\context\\AuthContext.tsx","statementMap":{"0":{"start":{"line":1,"column":0},"end":{"line":1,"column":78}},"1":{"start":{"line":3,"column":0},"end":{"line":3,"column":46}},"2":{"start":{"line":4,"column":0},"end":{"line":4,"column":66}},"3":{"start":{"line":6,"column":20},"end":{"line":6,"column":63}},"4":{"start":{"line":8,"column":63},"end":{"line":161,"column":1}},"5":{"start":{"line":9,"column":26},"end":{"line":9,"column":53}},"6":{"start":{"line":12,"column":16},"end":{"line":21,"column":3}},"7":{"start":{"line":13,"column":18},"end":{"line":13,"column":36}},"8":{"start":{"line":14,"column":22},"end":{"line":14,"column":63}},"9":{"start":{"line":14,"column":45},"end":{"line":14,"column":62}},"10":{"start":{"line":15,"column":4},"end":{"line":20,"column":5}},"11":{"start":{"line":16,"column":6},"end":{"line":16,"column":25}},"12":{"start":{"line":17,"column":6},"end":{"line":17,"column":62}},"13":{"start":{"line":19,"column":6},"end":{"line":19,"column":51}},"14":{"start":{"line":24,"column":19},"end":{"line":52,"column":3}},"15":{"start":{"line":31,"column":18},"end":{"line":31,"column":36}},"16":{"start":{"line":32,"column":4},"end":{"line":34,"column":5}},"17":{"start":{"line":32,"column":31},"end":{"line":32,"column":48}},"18":{"start":{"line":33,"column":6},"end":{"line":33,"column":67}},"19":{"start":{"line":35,"column":4},"end":{"line":37,"column":5}},"20":{"start":{"line":35,"column":31},"end":{"line":35,"column":46}},"21":{"start":{"line":36,"column":6},"end":{"line":36,"column":68}},"22":{"start":{"line":38,"column":26},"end":{"line":48,"column":13}},"23":{"start":{"line":49,"column":4},"end":{"line":49,"column":30}},"24":{"start":{"line":50,"column":4},"end":{"line":50,"column":21}},"25":{"start":{"line":51,"column":4},"end":{"line":51,"column":58}},"26":{"start":{"line":54,"column":17},"end":{"line":57,"column":3}},"27":{"start":{"line":55,"column":4},"end":{"line":55,"column":18}},"28":{"start":{"line":56,"column":4},"end":{"line":56,"column":36}},"29":{"start":{"line":60,"column":21},"end":{"line":83,"column":3}},"30":{"start":{"line":61,"column":4},"end":{"line":61,"column":22}},"31":{"start":{"line":61,"column":15},"end":{"line":61,"column":22}},"32":{"start":{"line":64,"column":29},"end":{"line":71,"column":6}},"33":{"start":{"line":73,"column":24},"end":{"line":76,"column":6}},"34":{"start":{"line":78,"column":4},"end":{"line":78,"column":25}},"35":{"start":{"line":79,"column":4},"end":{"line":79,"column":62}},"36":{"start":{"line":80,"column":4},"end":{"line":80,"column":43}},"37":{"start":{"line":82,"column":4},"end":{"line":82,"column":19}},"38":{"start":{"line":86,"column":25},"end":{"line":108,"column":3}},"39":{"start":{"line":87,"column":4},"end":{"line":87,"column":28}},"40":{"start":{"line":87,"column":15},"end":{"line":87,"column":28}},"41":{"start":{"line":90,"column":23},"end":{"line":90,"column":56}},"42":{"start":{"line":92,"column":4},"end":{"line":96,"column":5}},"43":{"start":{"line":93,"column":6},"end":{"line":93,"column":73}},"44":{"start":{"line":93,"column":57},"end":{"line":93,"column":71}},"45":{"start":{"line":95,"column":6},"end":{"line":95,"column":58}},"46":{"start":{"line":98,"column":24},"end":{"line":101,"column":6}},"47":{"start":{"line":103,"column":4},"end":{"line":103,"column":25}},"48":{"start":{"line":104,"column":4},"end":{"line":104,"column":62}},"49":{"start":{"line":105,"column":4},"end":{"line":105,"column":43}},"50":{"start":{"line":107,"column":4},"end":{"line":107,"column":23}},"51":{"start":{"line":110,"column":21},"end":{"line":112,"column":3}},"52":{"start":{"line":111,"column":4},"end":{"line":111,"column":55}},"53":{"start":{"line":114,"column":28},"end":{"line":119,"column":3}},"54":{"start":{"line":115,"column":4},"end":{"line":115,"column":44}},"55":{"start":{"line":115,"column":34},"end":{"line":115,"column":44}},"56":{"start":{"line":116,"column":4},"end":{"line":118,"column":50}},"57":{"start":{"line":117,"column":17},"end":{"line":117,"column":33}},"58":{"start":{"line":118,"column":41},"end":{"line":118,"column":48}},"59":{"start":{"line":122,"column":30},"end":{"line":128,"column":3}},"60":{"start":{"line":123,"column":4},"end":{"line":123,"column":47}},"61":{"start":{"line":123,"column":40},"end":{"line":123,"column":47}},"62":{"start":{"line":124,"column":24},"end":{"line":124,"column":45}},"63":{"start":{"line":125,"column":4},"end":{"line":125,"column":25}},"64":{"start":{"line":126,"column":4},"end":{"line":126,"column":62}},"65":{"start":{"line":127,"column":4},"end":{"line":127,"column":43}},"66":{"start":{"line":130,"column":2},"end":{"line":143,"column":9}},"67":{"start":{"line":131,"column":23},"end":{"line":131,"column":51}},"68":{"start":{"line":132,"column":4},"end":{"line":142,"column":5}},"69":{"start":{"line":134,"column":21},"end":{"line":134,"column":43}},"70":{"start":{"line":135,"column":6},"end":{"line":141,"column":9}},"71":{"start":{"line":136,"column":26},"end":{"line":136,"column":68}},"72":{"start":{"line":136,"column":49},"end":{"line":136,"column":67}},"73":{"start":{"line":137,"column":8},"end":{"line":140,"column":9}},"74":{"start":{"line":138,"column":10},"end":{"line":138,"column":29}},"75":{"start":{"line":139,"column":10},"end":{"line":139,"column":66}},"76":{"start":{"line":145,"column":2},"end":{"line":160,"column":4}},"77":{"start":{"line":8,"column":13},"end":{"line":8,"column":63}},"78":{"start":{"line":163,"column":23},"end":{"line":169,"column":1}},"79":{"start":{"line":164,"column":18},"end":{"line":164,"column":41}},"80":{"start":{"line":165,"column":2},"end":{"line":167,"column":3}},"81":{"start":{"line":166,"column":4},"end":{"line":166,"column":67}},"82":{"start":{"line":168,"column":2},"end":{"line":168,"column":17}},"83":{"start":{"line":163,"column":13},"end":{"line":163,"column":23}}},"fnMap":{"0":{"name":"(anonymous_9)","decl":{"start":{"line":8,"column":63},"end":{"line":8,"column":64}},"loc":{"start":{"line":8,"column":80},"end":{"line":161,"column":1}}},"1":{"name":"(anonymous_10)","decl":{"start":{"line":12,"column":16},"end":{"line":12,"column":21}},"loc":{"start":{"line":12,"column":58},"end":{"line":21,"column":3}}},"2":{"name":"(anonymous_11)","decl":{"start":{"line":14,"column":33},"end":{"line":14,"column":34}},"loc":{"start":{"line":14,"column":45},"end":{"line":14,"column":62}}},"3":{"name":"(anonymous_12)","decl":{"start":{"line":24,"column":19},"end":{"line":24,"column":24}},"loc":{"start":{"line":30,"column":6},"end":{"line":52,"column":3}}},"4":{"name":"(anonymous_13)","decl":{"start":{"line":32,"column":19},"end":{"line":32,"column":20}},"loc":{"start":{"line":32,"column":31},"end":{"line":32,"column":48}}},"5":{"name":"(anonymous_14)","decl":{"start":{"line":35,"column":19},"end":{"line":35,"column":20}},"loc":{"start":{"line":35,"column":31},"end":{"line":35,"column":46}}},"6":{"name":"(anonymous_15)","decl":{"start":{"line":54,"column":17},"end":{"line":54,"column":20}},"loc":{"start":{"line":54,"column":22},"end":{"line":57,"column":3}}},"7":{"name":"(anonymous_16)","decl":{"start":{"line":60,"column":21},"end":{"line":60,"column":26}},"loc":{"start":{"line":60,"column":93},"end":{"line":83,"column":3}}},"8":{"name":"(anonymous_17)","decl":{"start":{"line":86,"column":25},"end":{"line":86,"column":30}},"loc":{"start":{"line":86,"column":51},"end":{"line":108,"column":3}}},"9":{"name":"(anonymous_18)","decl":{"start":{"line":93,"column":51},"end":{"line":93,"column":53}},"loc":{"start":{"line":93,"column":57},"end":{"line":93,"column":71}}},"10":{"name":"(anonymous_19)","decl":{"start":{"line":110,"column":21},"end":{"line":110,"column":22}},"loc":{"start":{"line":110,"column":41},"end":{"line":112,"column":3}}},"11":{"name":"(anonymous_20)","decl":{"start":{"line":114,"column":28},"end":{"line":114,"column":31}},"loc":{"start":{"line":114,"column":33},"end":{"line":119,"column":3}}},"12":{"name":"(anonymous_21)","decl":{"start":{"line":117,"column":11},"end":{"line":117,"column":13}},"loc":{"start":{"line":117,"column":17},"end":{"line":117,"column":33}}},"13":{"name":"(anonymous_22)","decl":{"start":{"line":118,"column":14},"end":{"line":118,"column":15}},"loc":{"start":{"line":118,"column":41},"end":{"line":118,"column":48}}},"14":{"name":"(anonymous_23)","decl":{"start":{"line":122,"column":30},"end":{"line":122,"column":35}},"loc":{"start":{"line":122,"column":59},"end":{"line":128,"column":3}}},"15":{"name":"(anonymous_24)","decl":{"start":{"line":130,"column":18},"end":{"line":130,"column":21}},"loc":{"start":{"line":130,"column":23},"end":{"line":143,"column":3}}},"16":{"name":"(anonymous_25)","decl":{"start":{"line":135,"column":24},"end":{"line":135,"column":29}},"loc":{"start":{"line":135,"column":32},"end":{"line":141,"column":7}}},"17":{"name":"(anonymous_26)","decl":{"start":{"line":136,"column":37},"end":{"line":136,"column":38}},"loc":{"start":{"line":136,"column":49},"end":{"line":136,"column":67}}},"18":{"name":"(anonymous_27)","decl":{"start":{"line":163,"column":23},"end":{"line":163,"column":26}},"loc":{"start":{"line":163,"column":28},"end":{"line":169,"column":1}}}},"branchMap":{"0":{"loc":{"start":{"line":15,"column":4},"end":{"line":20,"column":5}},"type":"if","locations":[{"start":{"line":15,"column":4},"end":{"line":20,"column":5}},{"start":{"line":18,"column":11},"end":{"line":20,"column":5}}]},"1":{"loc":{"start":{"line":15,"column":8},"end":{"line":15,"column":52}},"type":"binary-expr","locations":[{"start":{"line":15,"column":8},"end":{"line":15,"column":17}},{"start":{"line":15,"column":21},"end":{"line":15,"column":52}}]},"2":{"loc":{"start":{"line":29,"column":4},"end":{"line":29,"column":27}},"type":"default-arg","locations":[{"start":{"line":29,"column":25},"end":{"line":29,"column":27}}]},"3":{"loc":{"start":{"line":32,"column":4},"end":{"line":34,"column":5}},"type":"if","locations":[{"start":{"line":32,"column":4},"end":{"line":34,"column":5}}]},"4":{"loc":{"start":{"line":35,"column":4},"end":{"line":37,"column":5}},"type":"if","locations":[{"start":{"line":35,"column":4},"end":{"line":37,"column":5}}]},"5":{"loc":{"start":{"line":47,"column":10},"end":{"line":47,"column":46}},"type":"cond-expr","locations":[{"start":{"line":47,"column":29},"end":{"line":47,"column":41}},{"start":{"line":47,"column":44},"end":{"line":47,"column":46}}]},"6":{"loc":{"start":{"line":61,"column":4},"end":{"line":61,"column":22}},"type":"if","locations":[{"start":{"line":61,"column":4},"end":{"line":61,"column":22}}]},"7":{"loc":{"start":{"line":75,"column":21},"end":{"line":75,"column":40}},"type":"binary-expr","locations":[{"start":{"line":75,"column":21},"end":{"line":75,"column":34}},{"start":{"line":75,"column":38},"end":{"line":75,"column":40}}]},"8":{"loc":{"start":{"line":87,"column":4},"end":{"line":87,"column":28}},"type":"if","locations":[{"start":{"line":87,"column":4},"end":{"line":87,"column":28}}]},"9":{"loc":{"start":{"line":92,"column":4},"end":{"line":96,"column":5}},"type":"if","locations":[{"start":{"line":92,"column":4},"end":{"line":96,"column":5}},{"start":{"line":94,"column":11},"end":{"line":96,"column":5}}]},"10":{"loc":{"start":{"line":93,"column":22},"end":{"line":93,"column":42}},"type":"binary-expr","locations":[{"start":{"line":93,"column":22},"end":{"line":93,"column":36}},{"start":{"line":93,"column":40},"end":{"line":93,"column":42}}]},"11":{"loc":{"start":{"line":95,"column":26},"end":{"line":95,"column":46}},"type":"binary-expr","locations":[{"start":{"line":95,"column":26},"end":{"line":95,"column":40}},{"start":{"line":95,"column":44},"end":{"line":95,"column":46}}]},"12":{"loc":{"start":{"line":111,"column":11},"end":{"line":111,"column":54}},"type":"binary-expr","locations":[{"start":{"line":111,"column":11},"end":{"line":111,"column":45}},{"start":{"line":111,"column":49},"end":{"line":111,"column":54}}]},"13":{"loc":{"start":{"line":115,"column":4},"end":{"line":115,"column":44}},"type":"if","locations":[{"start":{"line":115,"column":4},"end":{"line":115,"column":44}}]},"14":{"loc":{"start":{"line":123,"column":4},"end":{"line":123,"column":47}},"type":"if","locations":[{"start":{"line":123,"column":4},"end":{"line":123,"column":47}}]},"15":{"loc":{"start":{"line":123,"column":8},"end":{"line":123,"column":38}},"type":"binary-expr","locations":[{"start":{"line":123,"column":8},"end":{"line":123,"column":13}},{"start":{"line":123,"column":17},"end":{"line":123,"column":38}}]},"16":{"loc":{"start":{"line":132,"column":4},"end":{"line":142,"column":5}},"type":"if","locations":[{"start":{"line":132,"column":4},"end":{"line":142,"column":5}}]},"17":{"loc":{"start":{"line":137,"column":8},"end":{"line":140,"column":9}},"type":"if","locations":[{"start":{"line":137,"column":8},"end":{"line":140,"column":9}}]},"18":{"loc":{"start":{"line":165,"column":2},"end":{"line":167,"column":3}},"type":"if","locations":[{"start":{"line":165,"column":2},"end":{"line":167,"column":3}}]}},"s":{"0":2,"1":2,"2":2,"3":2,"4":2,"5":4,"6":4,"7":0,"8":0,"9":0,"10":0,"11":0,"12":0,"13":0,"14":4,"15":0,"16":0,"17":0,"18":0,"19":0,"20":0,"21":0,"22":0,"23":0,"24":0,"25":0,"26":4,"27":0,"28":0,"29":4,"30":0,"31":0,"32":0,"33":0,"34":0,"35":0,"36":0,"37":0,"38":4,"39":0,"40":0,"41":0,"42":0,"43":0,"44":0,"45":0,"46":0,"47":0,"48":0,"49":0,"50":0,"51":4,"52":2,"53":4,"54":0,"55":0,"56":0,"57":0,"58":0,"59":4,"60":0,"61":0,"62":0,"63":0,"64":0,"65":0,"66":4,"67":4,"68":4,"69":0,"70":0,"71":0,"72":0,"73":0,"74":0,"75":0,"76":4,"77":2,"78":2,"79":2,"80":2,"81":0,"82":2,"83":2},"f":{"0":4,"1":0,"2":0,"3":0,"4":0,"5":0,"6":0,"7":0,"8":0,"9":0,"10":2,"11":0,"12":0,"13":0,"14":0,"15":4,"16":0,"17":0,"18":2},"b":{"0":[0,0],"1":[0,0],"2":[0],"3":[0],"4":[0],"5":[0,0],"6":[0],"7":[0,0],"8":[0],"9":[0,0],"10":[0,0],"11":[0,0],"12":[2,2],"13":[0],"14":[0],"15":[0,0],"16":[0],"17":[0],"18":[0]}}
,"C:\\Users\\sidik\\WebstormProjects\\tutorPlatform\\project\\src\\data\\tutors.ts": {"path":"C:\\Users\\sidik\\WebstormProjects\\tutorPlatform\\project\\src\\data\\tutors.ts","statementMap":{"0":{"start":{"line":2,"column":0},"end":{"line":2,"column":83}},"1":{"start":{"line":5,"column":27},"end":{"line":5,"column":29}},"2":{"start":{"line":8,"column":25},"end":{"line":12,"column":1}},"3":{"start":{"line":9,"column":17},"end":{"line":9,"column":36}},"4":{"start":{"line":10,"column":2},"end":{"line":10,"column":23}},"5":{"start":{"line":11,"column":2},"end":{"line":11,"column":16}},"6":{"start":{"line":8,"column":13},"end":{"line":8,"column":25}},"7":{"start":{"line":14,"column":33},"end":{"line":16,"column":1}},"8":{"start":{"line":15,"column":2},"end":{"line":15,"column":28}},"9":{"start":{"line":14,"column":13},"end":{"line":14,"column":33}},"10":{"start":{"line":18,"column":36},"end":{"line":20,"column":1}},"11":{"start":{"line":19,"column":2},"end":{"line":19,"column":40}},"12":{"start":{"line":18,"column":13},"end":{"line":18,"column":36}},"13":{"start":{"line":22,"column":32},"end":{"line":29,"column":1}},"14":{"start":{"line":23,"column":17},"end":{"line":23,"column":34}},"15":{"start":{"line":24,"column":21},"end":{"line":24,"column":38}},"16":{"start":{"line":25,"column":2},"end":{"line":27,"column":5}},"17":{"start":{"line":26,"column":4},"end":{"line":26,"column":63}},"18":{"start":{"line":26,"column":38},"end":{"line":26,"column":61}},"19":{"start":{"line":28,"column":2},"end":{"line":28,"column":39}},"20":{"start":{"line":22,"column":13},"end":{"line":22,"column":32}},"21":{"start":{"line":32,"column":28},"end":{"line":34,"column":1}},"22":{"start":{"line":33,"column":2},"end":{"line":33,"column":52}},"23":{"start":{"line":33,"column":35},"end":{"line":33,"column":50}},"24":{"start":{"line":32,"column":13},"end":{"line":32,"column":28}},"25":{"start":{"line":36,"column":27},"end":{"line":42,"column":1}},"26":{"start":{"line":37,"column":21},"end":{"line":37,"column":38}},"27":{"start":{"line":38,"column":2},"end":{"line":40,"column":5}},"28":{"start":{"line":39,"column":4},"end":{"line":39,"column":63}},"29":{"start":{"line":39,"column":38},"end":{"line":39,"column":61}},"30":{"start":{"line":41,"column":2},"end":{"line":41,"column":39}},"31":{"start":{"line":36,"column":13},"end":{"line":36,"column":27}}},"fnMap":{"0":{"name":"(anonymous_0)","decl":{"start":{"line":8,"column":25},"end":{"line":8,"column":30}},"loc":{"start":{"line":8,"column":54},"end":{"line":12,"column":1}}},"1":{"name":"(anonymous_1)","decl":{"start":{"line":14,"column":33},"end":{"line":14,"column":38}},"loc":{"start":{"line":14,"column":70},"end":{"line":16,"column":1}}},"2":{"name":"(anonymous_2)","decl":{"start":{"line":18,"column":36},"end":{"line":18,"column":41}},"loc":{"start":{"line":18,"column":81},"end":{"line":20,"column":1}}},"3":{"name":"(anonymous_3)","decl":{"start":{"line":22,"column":32},"end":{"line":22,"column":37}},"loc":{"start":{"line":22,"column":62},"end":{"line":29,"column":1}}},"4":{"name":"(anonymous_4)","decl":{"start":{"line":25,"column":17},"end":{"line":25,"column":22}},"loc":{"start":{"line":25,"column":25},"end":{"line":27,"column":3}}},"5":{"name":"(anonymous_5)","decl":{"start":{"line":26,"column":27},"end":{"line":26,"column":34}},"loc":{"start":{"line":26,"column":38},"end":{"line":26,"column":61}}},"6":{"name":"(anonymous_6)","decl":{"start":{"line":32,"column":28},"end":{"line":32,"column":29}},"loc":{"start":{"line":32,"column":62},"end":{"line":34,"column":1}}},"7":{"name":"(anonymous_7)","decl":{"start":{"line":33,"column":26},"end":{"line":33,"column":31}},"loc":{"start":{"line":33,"column":35},"end":{"line":33,"column":50}}},"8":{"name":"(anonymous_8)","decl":{"start":{"line":36,"column":27},"end":{"line":36,"column":40}},"loc":{"start":{"line":36,"column":42},"end":{"line":42,"column":1}}},"9":{"name":"(anonymous_9)","decl":{"start":{"line":38,"column":22},"end":{"line":38,"column":27}},"loc":{"start":{"line":38,"column":30},"end":{"line":40,"column":3}}},"10":{"name":"(anonymous_10)","decl":{"start":{"line":39,"column":27},"end":{"line":39,"column":34}},"loc":{"start":{"line":39,"column":38},"end":{"line":39,"column":61}}}},"branchMap":{},"s":{"0":2,"1":2,"2":2,"3":0,"4":0,"5":0,"6":2,"7":2,"8":0,"9":2,"10":2,"11":0,"12":2,"13":2,"14":0,"15":0,"16":0,"17":0,"18":0,"19":0,"20":2,"21":2,"22":1,"23":0,"24":2,"25":2,"26":1,"27":1,"28":0,"29":0,"30":1,"31":2},"f":{"0":0,"1":0,"2":0,"3":0,"4":0,"5":0,"6":1,"7":0,"8":1,"9":0,"10":0},"b":{}}
,"C:\\Users\\sidik\\WebstormProjects\\tutorPlatform\\project\\src\\pages\\About.tsx": {"path":"C:\\Users\\sidik\\WebstormProjects\\tutorPlatform\\project\\src\\pages\\About.tsx","statementMap":{"0":{"start":{"line":3,"column":24},"end":{"line":48,"column":1}},"1":{"start":{"line":4,"column":2},"end":{"line":47,"column":4}}},"fnMap":{"0":{"name":"(anonymous_0)","decl":{"start":{"line":3,"column":24},"end":{"line":3,"column":27}},"loc":{"start":{"line":3,"column":29},"end":{"line":48,"column":1}}}},"branchMap":{},"s":{"0":0,"1":0},"f":{"0":0},"b":{}}
,"C:\\Users\\sidik\\WebstormProjects\\tutorPlatform\\project\\src\\pages\\Dashboard.tsx": {"path":"C:\\Users\\sidik\\WebstormProjects\\tutorPlatform\\project\\src\\pages\\Dashboard.tsx","statementMap":{"0":{"start":{"line":14,"column":28},"end":{"line":886,"column":1}},"1":{"start":{"line":15,"column":84},"end":{"line":15,"column":93}},"2":{"start":{"line":16,"column":36},"end":{"line":16,"column":55}},"3":{"start":{"line":17,"column":48},"end":{"line":17,"column":63}},"4":{"start":{"line":18,"column":34},"end":{"line":18,"column":60}},"5":{"start":{"line":19,"column":36},"end":{"line":19,"column":63}},"6":{"start":{"line":20,"column":38},"end":{"line":20,"column":66}},"7":{"start":{"line":21,"column":36},"end":{"line":21,"column":48}},"8":{"start":{"line":23,"column":54},"end":{"line":23,"column":69}},"9":{"start":{"line":24,"column":60},"end":{"line":24,"column":75}},"10":{"start":{"line":25,"column":48},"end":{"line":25,"column":60}},"11":{"start":{"line":26,"column":40},"end":{"line":26,"column":52}},"12":{"start":{"line":27,"column":48},"end":{"line":27,"column":60}},"13":{"start":{"line":28,"column":44},"end":{"line":28,"column":56}},"14":{"start":{"line":30,"column":25},"end":{"line":30,"column":44}},"15":{"start":{"line":32,"column":25},"end":{"line":32,"column":53}},"16":{"start":{"line":33,"column":28},"end":{"line":33,"column":56}},"17":{"start":{"line":34,"column":31},"end":{"line":34,"column":59}},"18":{"start":{"line":36,"column":29},"end":{"line":44,"column":3}},"19":{"start":{"line":41,"column":4},"end":{"line":43,"column":5}},"20":{"start":{"line":42,"column":6},"end":{"line":42,"column":26}},"21":{"start":{"line":46,"column":2},"end":{"line":71,"column":67}},"22":{"start":{"line":47,"column":42},"end":{"line":48,"column":63}},"23":{"start":{"line":48,"column":6},"end":{"line":48,"column":63}},"24":{"start":{"line":50,"column":45},"end":{"line":51,"column":69}},"25":{"start":{"line":51,"column":6},"end":{"line":51,"column":69}},"26":{"start":{"line":53,"column":48},"end":{"line":54,"column":75}},"27":{"start":{"line":54,"column":6},"end":{"line":54,"column":75}},"28":{"start":{"line":56,"column":4},"end":{"line":58,"column":5}},"29":{"start":{"line":57,"column":6},"end":{"line":57,"column":76}},"30":{"start":{"line":59,"column":4},"end":{"line":61,"column":5}},"31":{"start":{"line":60,"column":6},"end":{"line":60,"column":79}},"32":{"start":{"line":62,"column":4},"end":{"line":64,"column":5}},"33":{"start":{"line":63,"column":6},"end":{"line":63,"column":82}},"34":{"start":{"line":66,"column":4},"end":{"line":70,"column":6}},"35":{"start":{"line":67,"column":6},"end":{"line":67,"column":79}},"36":{"start":{"line":68,"column":6},"end":{"line":68,"column":82}},"37":{"start":{"line":69,"column":6},"end":{"line":69,"column":85}},"38":{"start":{"line":73,"column":48},"end":{"line":73,"column":63}},"39":{"start":{"line":74,"column":46},"end":{"line":74,"column":61}},"40":{"start":{"line":75,"column":50},"end":{"line":75,"column":79}},"41":{"start":{"line":76,"column":46},"end":{"line":76,"column":65}},"42":{"start":{"line":78,"column":25},"end":{"line":78,"column":53}},"43":{"start":{"line":79,"column":24},"end":{"line":79,"column":52}},"44":{"start":{"line":81,"column":2},"end":{"line":99,"column":40}},"45":{"start":{"line":82,"column":42},"end":{"line":83,"column":63}},"46":{"start":{"line":83,"column":6},"end":{"line":83,"column":63}},"47":{"start":{"line":85,"column":41},"end":{"line":86,"column":61}},"48":{"start":{"line":86,"column":6},"end":{"line":86,"column":61}},"49":{"start":{"line":88,"column":4},"end":{"line":90,"column":5}},"50":{"start":{"line":89,"column":6},"end":{"line":89,"column":76}},"51":{"start":{"line":91,"column":4},"end":{"line":93,"column":5}},"52":{"start":{"line":92,"column":6},"end":{"line":92,"column":75}},"53":{"start":{"line":95,"column":4},"end":{"line":98,"column":6}},"54":{"start":{"line":96,"column":6},"end":{"line":96,"column":79}},"55":{"start":{"line":97,"column":6},"end":{"line":97,"column":78}},"56":{"start":{"line":102,"column":4},"end":{"line":104,"column":10}},"57":{"start":{"line":106,"column":40},"end":{"line":106,"column":52}},"58":{"start":{"line":107,"column":54},"end":{"line":107,"column":66}},"59":{"start":{"line":108,"column":42},"end":{"line":108,"column":54}},"60":{"start":{"line":109,"column":42},"end":{"line":109,"column":61}},"61":{"start":{"line":111,"column":30},"end":{"line":117,"column":3}},"62":{"start":{"line":112,"column":4},"end":{"line":112,"column":23}},"63":{"start":{"line":113,"column":4},"end":{"line":113,"column":30}},"64":{"start":{"line":114,"column":4},"end":{"line":114,"column":24}},"65":{"start":{"line":115,"column":4},"end":{"line":115,"column":23}},"66":{"start":{"line":116,"column":4},"end":{"line":116,"column":28}},"67":{"start":{"line":119,"column":28},"end":{"line":127,"column":3}},"68":{"start":{"line":120,"column":17},"end":{"line":120,"column":30}},"69":{"start":{"line":121,"column":4},"end":{"line":121,"column":29}},"70":{"start":{"line":122,"column":4},"end":{"line":122,"column":30}},"71":{"start":{"line":123,"column":4},"end":{"line":123,"column":44}},"72":{"start":{"line":124,"column":4},"end":{"line":124,"column":32}},"73":{"start":{"line":125,"column":4},"end":{"line":125,"column":32}},"74":{"start":{"line":126,"column":4},"end":{"line":126,"column":29}},"75":{"start":{"line":129,"column":28},"end":{"line":152,"column":3}},"76":{"start":{"line":130,"column":4},"end":{"line":130,"column":23}},"77":{"start":{"line":131,"column":4},"end":{"line":131,"column":107}},"78":{"start":{"line":131,"column":100},"end":{"line":131,"column":107}},"79":{"start":{"line":132,"column":37},"end":{"line":137,"column":6}},"80":{"start":{"line":139,"column":4},"end":{"line":143,"column":5}},"81":{"start":{"line":140,"column":6},"end":{"line":140,"column":98}},"82":{"start":{"line":140,"column":52},"end":{"line":140,"column":96}},"83":{"start":{"line":142,"column":6},"end":{"line":142,"column":50}},"84":{"start":{"line":144,"column":4},"end":{"line":144,"column":47}},"85":{"start":{"line":145,"column":4},"end":{"line":145,"column":29}},"86":{"start":{"line":146,"column":4},"end":{"line":146,"column":30}},"87":{"start":{"line":147,"column":4},"end":{"line":147,"column":30}},"88":{"start":{"line":148,"column":4},"end":{"line":148,"column":23}},"89":{"start":{"line":149,"column":4},"end":{"line":149,"column":30}},"90":{"start":{"line":150,"column":4},"end":{"line":150,"column":24}},"91":{"start":{"line":151,"column":4},"end":{"line":151,"column":23}},"92":{"start":{"line":154,"column":30},"end":{"line":159,"column":3}},"93":{"start":{"line":155,"column":4},"end":{"line":158,"column":5}},"94":{"start":{"line":156,"column":30},"end":{"line":156,"column":96}},"95":{"start":{"line":156,"column":70},"end":{"line":156,"column":95}},"96":{"start":{"line":157,"column":6},"end":{"line":157,"column":49}},"97":{"start":{"line":161,"column":2},"end":{"line":163,"column":3}},"98":{"start":{"line":162,"column":4},"end":{"line":162,"column":36}},"99":{"start":{"line":165,"column":28},"end":{"line":176,"column":3}},"100":{"start":{"line":166,"column":4},"end":{"line":166,"column":23}},"101":{"start":{"line":167,"column":4},"end":{"line":167,"column":21}},"102":{"start":{"line":169,"column":4},"end":{"line":172,"column":5}},"103":{"start":{"line":170,"column":6},"end":{"line":170,"column":46}},"104":{"start":{"line":171,"column":6},"end":{"line":171,"column":13}},"105":{"start":{"line":173,"column":24},"end":{"line":173,"column":89}},"106":{"start":{"line":174,"column":4},"end":{"line":174,"column":62}},"107":{"start":{"line":175,"column":4},"end":{"line":175,"column":29}},"108":{"start":{"line":178,"column":31},"end":{"line":202,"column":3}},"109":{"start":{"line":179,"column":4},"end":{"line":179,"column":23}},"110":{"start":{"line":180,"column":4},"end":{"line":180,"column":25}},"111":{"start":{"line":182,"column":4},"end":{"line":185,"column":5}},"112":{"start":{"line":183,"column":6},"end":{"line":183,"column":49}},"113":{"start":{"line":184,"column":6},"end":{"line":184,"column":13}},"114":{"start":{"line":187,"column":4},"end":{"line":190,"column":5}},"115":{"start":{"line":188,"column":6},"end":{"line":188,"column":76}},"116":{"start":{"line":189,"column":6},"end":{"line":189,"column":13}},"117":{"start":{"line":192,"column":4},"end":{"line":195,"column":5}},"118":{"start":{"line":193,"column":6},"end":{"line":193,"column":46}},"119":{"start":{"line":194,"column":6},"end":{"line":194,"column":13}},"120":{"start":{"line":197,"column":4},"end":{"line":197,"column":37}},"121":{"start":{"line":198,"column":4},"end":{"line":198,"column":27}},"122":{"start":{"line":199,"column":4},"end":{"line":199,"column":23}},"123":{"start":{"line":200,"column":4},"end":{"line":200,"column":27}},"124":{"start":{"line":201,"column":4},"end":{"line":201,"column":33}},"125":{"start":{"line":204,"column":34},"end":{"line":207,"column":3}},"126":{"start":{"line":205,"column":4},"end":{"line":205,"column":59}},"127":{"start":{"line":206,"c
[...]
:52}}},"7":{"name":"(anonymous_7)","decl":{"start":{"line":157,"column":25},"end":{"line":157,"column":28}},"loc":{"start":{"line":157,"column":31},"end":{"line":157,"column":54}}},"8":{"name":"(anonymous_8)","decl":{"start":{"line":181,"column":41},"end":{"line":181,"column":42}},"loc":{"start":{"line":182,"column":22},"end":{"line":182,"column":38}}},"9":{"name":"(anonymous_9)","decl":{"start":{"line":221,"column":48},"end":{"line":221,"column":49}},"loc":{"start":{"line":222,"column":26},"end":{"line":222,"column":43}}},"10":{"name":"(anonymous_10)","decl":{"start":{"line":248,"column":33},"end":{"line":248,"column":39}},"loc":{"start":{"line":249,"column":22},"end":{"line":249,"column":50}}},"11":{"name":"(anonymous_11)","decl":{"start":{"line":286,"column":23},"end":{"line":286,"column":26}},"loc":{"start":{"line":286,"column":29},"end":{"line":286,"column":54}}},"12":{"name":"(anonymous_12)","decl":{"start":{"line":293,"column":23},"end":{"line":293,"column":26}},"loc":{"start":{"line":293,"column":29},"end":{"line":293,"column":54}}},"13":{"name":"(anonymous_13)","decl":{"start":{"line":302,"column":24},"end":{"line":302,"column":27}},"loc":{"start":{"line":302,"column":30},"end":{"line":302,"column":56}}},"14":{"name":"(anonymous_14)","decl":{"start":{"line":305,"column":22},"end":{"line":305,"column":25}},"loc":{"start":{"line":305,"column":28},"end":{"line":305,"column":54}}},"15":{"name":"(anonymous_15)","decl":{"start":{"line":306,"column":22},"end":{"line":306,"column":25}},"loc":{"start":{"line":306,"column":28},"end":{"line":306,"column":54}}},"16":{"name":"(anonymous_16)","decl":{"start":{"line":311,"column":24},"end":{"line":311,"column":27}},"loc":{"start":{"line":311,"column":30},"end":{"line":311,"column":56}}},"17":{"name":"(anonymous_17)","decl":{"start":{"line":314,"column":22},"end":{"line":314,"column":25}},"loc":{"start":{"line":314,"column":28},"end":{"line":314,"column":54}}},"18":{"name":"(anonymous_18)","decl":{"start":{"line":315,"column":22},"end":{"line":315,"column":25}},"loc":{"start":{"line":315,"column":28},"end":{"line":315,"column":54}}}},"branchMap":{"0":{"loc":{"start":{"line":23,"column":4},"end":{"line":29,"column":5}},"type":"if","locations":[{"start":{"line":23,"column":4},"end":{"line":29,"column":5}}]},"1":{"loc":{"start":{"line":25,"column":17},"end":{"line":25,"column":34}},"type":"binary-expr","locations":[{"start":{"line":25,"column":17},"end":{"line":25,"column":26}},{"start":{"line":25,"column":30},"end":{"line":25,"column":34}}]},"2":{"loc":{"start":{"line":32,"column":2},"end":{"line":42,"column":3}},"type":"if","locations":[{"start":{"line":32,"column":2},"end":{"line":42,"column":3}}]},"3":{"loc":{"start":{"line":54,"column":6},"end":{"line":70,"column":7}},"type":"if","locations":[{"start":{"line":54,"column":6},"end":{"line":70,"column":7}},{"start":{"line":56,"column":13},"end":{"line":70,"column":7}}]},"4":{"loc":{"start":{"line":56,"column":13},"end":{"line":70,"column":7}},"type":"if","locations":[{"start":{"line":56,"column":13},"end":{"line":70,"column":7}},{"start":{"line":68,"column":13},"end":{"line":70,"column":7}}]},"5":{"loc":{"start":{"line":56,"column":17},"end":{"line":56,"column":47}},"type":"binary-expr","locations":[{"start":{"line":56,"column":17},"end":{"line":56,"column":32}},{"start":{"line":56,"column":36},"end":{"line":56,"column":47}}]},"6":{"loc":{"start":{"line":77,"column":4},"end":{"line":80,"column":5}},"type":"if","locations":[{"start":{"line":77,"column":4},"end":{"line":80,"column":5}}]},"7":{"loc":{"start":{"line":109,"column":51},"end":{"line":109,"column":117}},"type":"cond-expr","locations":[{"start":{"line":109,"column":66},"end":{"line":109,"column":80}},{"start":{"line":109,"column":83},"end":{"line":109,"column":117}}]},"8":{"loc":{"start":{"line":110,"column":32},"end":{"line":110,"column":91}},"type":"cond-expr","locations":[{"start":{"line":110,"column":47},"end":{"line":110,"column":70}},{"start":{"line":110,"column":73},"end":{"line":110,"column":91}}]},"9":{"loc":{"start":{"line":112,"column":49},"end":{"line":112,"column":83}},"type":"cond-expr","locations":[{"start":{"line":112,"column":64},"end":{"line":112,"column":78}},{"start":{"line":112,"column":81},"end":{"line":112,"column":83}}]},"10":{"loc":{"start":{"line":149,"column":18},"end":{"line":151,"column":null}},"type":"cond-expr","locations":[{"start":{"line":150,"column":22},"end":{"line":150,"column":53}},{"start":{"line":151,"column":22},"end":{"line":151,"column":null}}]},"11":{"loc":{"start":{"line":159,"column":18},"end":{"line":161,"column":null}},"type":"cond-expr","locations":[{"start":{"line":160,"column":22},"end":{"line":160,"column":53}},{"start":{"line":161,"column":22},"end":{"line":161,"column":null}}]},"12":{"loc":{"start":{"line":171,"column":13},"end":{"line":231,"column":null}},"type":"binary-expr","locations":[{"start":{"line":171,"column":13},"end":{"line":171,"column":34}},{"start":{"line":172,"column":14},"end":{"line":230,"column":null}}]},"13":{"loc":{"start":{"line":203,"column":25},"end":{"line":207,"column":null}},"type":"binary-expr","locations":[{"start":{"line":203,"column":25},"end":{"line":203,"column":37}},{"start":{"line":204,"column":26},"end":{"line":206,"column":null}}]},"14":{"loc":{"start":{"line":209,"column":25},"end":{"line":213,"column":null}},"type":"binary-expr","locations":[{"start":{"line":209,"column":25},"end":{"line":209,"column":39}},{"start":{"line":210,"column":26},"end":{"line":212,"column":null}}]},"15":{"loc":{"start":{"line":234,"column":13},"end":{"line":257,"column":null}},"type":"binary-expr","locations":[{"start":{"line":234,"column":13},"end":{"line":234,"column":36}},{"start":{"line":235,"column":14},"end":{"line":256,"column":null}}]},"16":{"loc":{"start":{"line":246,"column":17},"end":{"line":255,"column":null}},"type":"cond-expr","locations":[{"start":{"line":247,"column":18},"end":{"line":250,"column":null}},{"start":{"line":253,"column":18},"end":{"line":254,"column":null}}]},"17":{"loc":{"start":{"line":301,"column":7},"end":{"line":308,"column":null}},"type":"binary-expr","locations":[{"start":{"line":301,"column":7},"end":{"line":301,"column":25}},{"start":{"line":302,"column":8},"end":{"line":307,"column":null}}]},"18":{"loc":{"start":{"line":310,"column":7},"end":{"line":317,"column":null}},"type":"binary-expr","locations":[{"start":{"line":310,"column":7},"end":{"line":310,"column":25}},{"start":{"line":311,"column":8},"end":{"line":316,"column":null}}]}},"s":{"0":0,"1":0,"2":0,"3":0,"4":0,"5":0,"6":0,"7":0,"8":0,"9":0,"10":0,"11":0,"12":0,"13":0,"14":0,"15":0,"16":0,"17":0,"18":0,"19":0,"20":0,"21":0,"22":0,"23":0,"24":0,"25":0,"26":0,"27":0,"28":0,"29":0,"30":0,"31":0,"32":0,"33":0,"34":0,"35":0,"36":0,"37":0,"38":0,"39":0,"40":0,"41":0,"42":0,"43":0,"44":0,"45":0,"46":0,"47":0,"48":0},"f":{"0":0,"1":0,"2":0,"3":0,"4":0,"5":0,"6":0,"7":0,"8":0,"9":0,"10":0,"11":0,"12":0,"13":0,"14":0,"15":0,"16":0,"17":0,"18":0},"b":{"0":[0],"1":[0,0],"2":[0],"3":[0,0],"4":[0,0],"5":[0,0],"6":[0],"7":[0,0],"8":[0,0],"9":[0,0],"10":[0,0],"11":[0,0],"12":[0,0],"13":[0,0],"14":[0,0],"15":[0,0],"16":[0,0],"17":[0,0],"18":[0,0]}}
,"C:\\Users\\sidik\\WebstormProjects\\tutorPlatform\\project\\src\\pages\\TutorsList.tsx": {"path":"C:\\Users\\sidik\\WebstormProjects\\tutorPlatform\\project\\src\\pages\\TutorsList.tsx","statementMap":{"0":{"start":{"line":1,"column":0},"end":{"line":1,"column":51}},"1":{"start":{"line":2,"column":0},"end":{"line":2,"column":47}},"2":{"start":{"line":3,"column":0},"end":{"line":3,"column":48}},"3":{"start":{"line":4,"column":0},"end":{"line":4,"column":52}},"4":{"start":{"line":5,"column":0},"end":{"line":5,"column":43}},"5":{"start":{"line":7,"column":0},"end":{"line":7,"column":40}},"6":{"start":{"line":8,"column":0},"end":{"line":8,"column":40}},"7":{"start":{"line":9,"column":0},"end":{"line":9,"column":52}},"8":{"start":{"line":10,"column":0},"end":{"line":10,"column":52}},"9":{"start":{"line":12,"column":29},"end":{"line":141,"column":1}},"10":{"start":{"line":13,"column":19},"end":{"line":13,"column":32}},"11":{"start":{"line":14,"column":22},"end":{"line":14,"column":58}},"12":{"start":{"line":15,"column":25},"end":{"line":15,"column":57}},"13":{"start":{"line":17,"column":36},"end":{"line":17,"column":57}},"14":{"start":{"line":18,"column":30},"end":{"line":18,"column":51}},"15":{"start":{"line":19,"column":32},"end":{"line":26,"column":4}},"16":{"start":{"line":27,"column":52},"end":{"line":27,"column":67}},"17":{"start":{"line":28,"column":52},"end":{"line":28,"column":67}},"18":{"start":{"line":29,"column":44},"end":{"line":29,"column":72}},"19":{"start":{"line":31,"column":2},"end":{"line":37,"column":9}},"20":{"start":{"line":33,"column":4},"end":{"line":36,"column":7}},"21":{"start":{"line":34,"column":6},"end":{"line":34,"column":25}},"22":{"start":{"line":35,"column":6},"end":{"line":35,"column":22}},"23":{"start":{"line":39,"column":2},"end":{"line":60,"column":27}},"24":{"start":{"line":41,"column":27},"end":{"line":58,"column":6}},"25":{"start":{"line":42,"column":28},"end":{"line":45,"column":74}},"26":{"start":{"line":44,"column":39},"end":{"line":44,"column":103}},"27":{"start":{"line":47,"column":29},"end":{"line":48,"column":48}},"28":{"start":{"line":50,"column":27},"end":{"line":50,"column":103}},"29":{"start":{"line":53,"column":8},"end":{"line":55,"column":48}},"30":{"start":{"line":57,"column":6},"end":{"line":57,"column":76}},"31":{"start":{"line":59,"column":4},"end":{"line":59,"column":30}},"32":{"start":{"line":62,"column":29},"end":{"line":64,"column":3}},"33":{"start":{"line":63,"column":4},"end":{"line":63,"column":27}},"34":{"start":{"line":66,"column":27},"end":{"line":69,"column":3}},"35":{"start":{"line":67,"column":4},"end":{"line":67,"column":28}},"36":{"start":{"line":68,"column":4},"end":{"line":68,"column":30}},"37":{"start":{"line":71,"column":29},"end":{"line":74,"column":3}},"38":{"start":{"line":72,"column":4},"end":{"line":72,"column":28}},"39":{"start":{"line":73,"column":4},"end":{"line":73,"column":30}},"40":{"start":{"line":76,"column":30},"end":{"line":80,"column":3}},"41":{"start":{"line":78,"column":4},"end":{"line":78,"column":66}},"42":{"start":{"line":79,"column":4},"end":{"line":79,"column":31}},"43":{"start":{"line":82,"column":30},"end":{"line":86,"column":3}},"44":{"start":{"line":84,"column":4},"end":{"line":84,"column":68}},"45":{"start":{"line":85,"column":4},"end":{"line":85,"column":31}},"46":{"start":{"line":88,"column":2},"end":{"line":140,"column":4}},"47":{"start":{"line":102,"column":12},"end":{"line":103,"column":null}},"48":{"start":{"line":105,"column":34},"end":{"line":105,"column":57}},"49":{"start":{"line":106,"column":36},"end":{"line":106,"column":61}},"50":{"start":{"line":121,"column":30},"end":{"line":121,"column":56}},"51":{"start":{"line":125,"column":28},"end":{"line":125,"column":54}},"52":{"start":{"line":131,"column":30},"end":{"line":131,"column":56}},"53":{"start":{"line":135,"column":28},"end":{"line":135,"column":54}},"54":{"start":{"line":143,"column":0},"end":{"line":143,"column":26}}},"fnMap":{"0":{"name":"(anonymous_10)","decl":{"start":{"line":12,"column":29},"end":{"line":12,"column":32}},"loc":{"start":{"line":12,"column":34},"end":{"line":141,"column":1}}},"1":{"name":"(anonymous_11)","decl":{"start":{"line":31,"column":12},"end":{"line":31,"column":15}},"loc":{"start":{"line":31,"column":17},"end":{"line":37,"column":3}}},"2":{"name":"(anonymous_12)","decl":{"start":{"line":33,"column":21},"end":{"line":33,"column":25}},"loc":{"start":{"line":33,"column":28},"end":{"line":36,"column":5}}},"3":{"name":"(anonymous_13)","decl":{"start":{"line":39,"column":12},"end":{"line":39,"column":15}},"loc":{"start":{"line":39,"column":17},"end":{"line":60,"column":3}}},"4":{"name":"(anonymous_14)","decl":{"start":{"line":41,"column":44},"end":{"line":41,"column":49}},"loc":{"start":{"line":41,"column":52},"end":{"line":58,"column":5}}},"5":{"name":"(anonymous_15)","decl":{"start":{"line":44,"column":28},"end":{"line":44,"column":35}},"loc":{"start":{"line":44,"column":39},"end":{"line":44,"column":103}}},"6":{"name":"(anonymous_16)","decl":{"start":{"line":62,"column":29},"end":{"line":62,"column":30}},"loc":{"start":{"line":62,"column":60},"end":{"line":64,"column":3}}},"7":{"name":"(anonymous_17)","decl":{"start":{"line":66,"column":27},"end":{"line":66,"column":28}},"loc":{"start":{"line":66,"column":44},"end":{"line":69,"column":3}}},"8":{"name":"(anonymous_18)","decl":{"start":{"line":71,"column":29},"end":{"line":71,"column":30}},"loc":{"start":{"line":71,"column":46},"end":{"line":74,"column":3}}},"9":{"name":"(anonymous_19)","decl":{"start":{"line":76,"column":30},"end":{"line":76,"column":33}},"loc":{"start":{"line":76,"column":35},"end":{"line":80,"column":3}}},"10":{"name":"(anonymous_20)","decl":{"start":{"line":82,"column":30},"end":{"line":82,"column":31}},"loc":{"start":{"line":82,"column":50},"end":{"line":86,"column":3}}},"11":{"name":"(anonymous_21)","decl":{"start":{"line":101,"column":22},"end":{"line":101,"column":27}},"loc":{"start":{"line":102,"column":12},"end":{"line":103,"column":null}}},"12":{"name":"(anonymous_22)","decl":{"start":{"line":105,"column":28},"end":{"line":105,"column":31}},"loc":{"start":{"line":105,"column":34},"end":{"line":105,"column":57}}},"13":{"name":"(anonymous_23)","decl":{"start":{"line":106,"column":30},"end":{"line":106,"column":33}},"loc":{"start":{"line":106,"column":36},"end":{"line":106,"column":61}}},"14":{"name":"(anonymous_24)","decl":{"start":{"line":121,"column":24},"end":{"line":121,"column":27}},"loc":{"start":{"line":121,"column":30},"end":{"line":121,"column":56}}},"15":{"name":"(anonymous_25)","decl":{"start":{"line":125,"column":22},"end":{"line":125,"column":25}},"loc":{"start":{"line":125,"column":28},"end":{"line":125,"column":54}}},"16":{"name":"(anonymous_26)","decl":{"start":{"line":131,"column":24},"end":{"line":131,"column":27}},"loc":{"start":{"line":131,"column":30},"end":{"line":131,"column":56}}},"17":{"name":"(anonymous_27)","decl":{"start":{"line":135,"column":22},"end":{"line":135,"column":25}},"loc":{"start":{"line":135,"column":28},"end":{"line":135,"column":54}}}},"branchMap":{"0":{"loc":{"start":{"line":15,"column":25},"end":{"line":15,"column":57}},"type":"binary-expr","locations":[{"start":{"line":15,"column":25},"end":{"line":15,"column":51}},{"start":{"line":15,"column":55},"end":{"line":15,"column":57}}]},"1":{"loc":{"start":{"line":42,"column":28},"end":{"line":45,"column":74}},"type":"binary-expr","locations":[{"start":{"line":42,"column":28},"end":{"line":42,"column":53}},{"start":{"line":43,"column":8},"end":{"line":43,"column":75}},{"start":{"line":44,"column":8},"end":{"line":44,"column":104}},{"start":{"line":45,"column":8},"end":{"line":45,"column":74}}]},"2":{"loc":{"start":{"line":47,"column":29},"end":{"line":48,"column":48}},"type":"binary-expr","locations":[{"start":{"line":47,"column":29},"end":{"line":47,"column":51}},{"start":{"line":48,"column":8},"end":{"line":48,"column":48}}]},"3":{"loc":{"start":{"line":50,"column":27},"end":{"line":50,"column":103}},"type":"binary-expr","locations":[{"start":{"line":50,"column":27},"end":{"line":50,"column":63}},{"start":{"line":50,"column":67},"end":{"line":50,"column":103}}]},"4":{"loc":{"start":{"line":53,"column":8},"end":{"line":55,"column":48}},"type":"binary-expr","locations":[{"start":{"line":53,"column":9},"end":{"line":53,"column":28}},{"start":{"line":53,"column":32},"end":{"line":53,"column":53}},{"start":{"line":54,"column":9},"end":{"line":54,"column":27}},{"start":{"line":54,"column":31},"end":{"line":54,"column":43}},{"start":{"line":55,"column":9},"end":{"line":55,"column":29}},{"start":{"line":55,"column":33},"end":{"line":55,"column":47}}]},"5":{"loc":{"start":{"line":57,"column":13},"end":{"line":57,"column":75}},"type":"binary-expr","locations":[{"start":{"line":57,"column":13},"end":{"line":57,"column":26}},{"start":{"line":57,"column":30},"end":{"line":57,"column":44}},{"start":{"line":57,"column":48},"end":{"line":57,"column":60}},{"start":{"line":57,"column":64},"end":{"line":57,"column":75}}]},"6":{"loc":{"start":{"line":99,"column":7},"end":{"line":117,"column":null}},"type":"cond-expr","locations":[{"start":{"line":100,"column":8},"end":{"line":108,"column":null}},{"start":{"line":111,"column":8},"end":{"line":116,"column":null}}]},"7":{"loc":{"start":{"line":120,"column":7},"end":{"line":127,"column":null}},"type":"binary-expr","locations":[{"start":{"line":120,"column":7},"end":{"line":120,"column":25}},{"start":{"line":120,"column":29},"end":{"line":120,"column":42}},{"start":{"line":121,"column":8},"end":{"line":126,"column":null}}]},"8":{"loc":{"start":{"line":130,"column":7},"end":{"line":137,"column":null}},"type":"binary-expr","locations":[{"start":{"line":130,"column":7},"end":{"line":130,"column":25}},{"start":{"line":130,"column":29},"end":{"line":130,"column":42}},{"start":{"line":131,"column":8},"end":{"line":136,"column":null}}]}},"s":{"0":1,"1":1,"2":1,"3":1,"4":1,"5":1,"6":1,"7":1,"8":1,"9":1,"10":3,"11":3,"12":3,"13":3,"14":2,"15":2,"16":2,"17":2,"18":2,"19":2,"20":2,"21":0,"22":0,"23":2,"24":0,"25":0,"26":0,"27":0,"28":0,"29":0,"30":0,"31":0,"32":2,"33":0,"34":2,"35":0,"36":0,"37":2,"38":0,"39":0,"40":2,"41":0,"42":0,"43":2,"44":0,"45":0,"46":2,"47":0,"48":0,"49":0,"50":0,"51":0,"52":0,"53":0,"54":1},"f":{"0":3,"1":2,"2":0,"3":0,"4":0,"5":0,"6":0,"7":0,"8":0,"9":0,"10":0,"11":0,"12":0,"13":0,"14":0,"15":0,"16":0,"17":0},"b":{"0":[3,3],"1":[0,0,0,0],"2":[0,0],"3":[0,0],"4":[0,0,0,0,0,0],"5":[0,0,0,0],"6":[0,2],"7":[2,0,0],"8":[2,0,0]}}
,"C:\\Users\\sidik\\WebstormProjects\\tutorPlatform\\project\\src\\pages\\Support\\Contact.tsx": {"path":"C:\\Users\\sidik\\WebstormProjects\\tutorPlatform\\project\\src\\pages\\Support\\Contact.tsx","statementMap":{"0":{"start":{"line":4,"column":26},"end":{"line":76,"column":1}},"1":{"start":{"line":5,"column":2},"end":{"line":75,"column":4}}},"fnMap":{"0":{"name":"(anonymous_0)","decl":{"start":{"line":4,"column":26},"end":{"line":4,"column":29}},"loc":{"start":{"line":4,"column":31},"end":{"line":76,"column":1}}}},"branchMap":{},"s":{"0":0,"1":0},"f":{"0":0},"b":{}}
,"C:\\Users\\sidik\\WebstormProjects\\tutorPlatform\\project\\src\\pages\\Support\\FAQ.tsx": {"path":"C:\\Users\\sidik\\WebstormProjects\\tutorPlatform\\project\\src\\pages\\Support\\FAQ.tsx","statementMap":{"0":{"start":{"line":3,"column":22},"end":{"line":34,"column":1}},"1":{"start":{"line":4,"column":2},"end":{"line":33,"column":4}}},"fnMap":{"0":{"name":"(anonymous_0)","decl":{"start":{"line":3,"column":22},"end":{"line":3,"column":25}},"loc":{"start":{"line":3,"column":27},"end":{"line":34,"column":1}}}},"branchMap":{},"s":{"0":0,"1":0},"f":{"0":0},"b":{}}
,"C:\\Users\\sidik\\WebstormProjects\\tutorPlatform\\project\\src\\pages\\Support\\Privacy.tsx": {"path":"C:\\Users\\sidik\\WebstormProjects\\tutorPlatform\\project\\src\\pages\\Support\\Privacy.tsx","statementMap":{"0":{"start":{"line":3,"column":26},"end":{"line":37,"column":1}},"1":{"start":{"line":4,"column":2},"end":{"line":36,"column":4}}},"fnMap":{"0":{"name":"(anonymous_0)","decl":{"start":{"line":3,"column":26},"end":{"line":3,"column":29}},"loc":{"start":{"line":3,"column":31},"end":{"line":37,"column":1}}}},"branchMap":{},"s":{"0":0,"1":0},"f":{"0":0},"b":{}}
,"C:\\Users\\sidik\\WebstormProjects\\tutorPlatform\\project\\src\\pages\\Support\\Terms.tsx": {"path":"C:\\Users\\sidik\\WebstormProjects\\tutorPlatform\\project\\src\\pages\\Support\\Terms.tsx","statementMap":{"0":{"start":{"line":3,"column":24},"end":{"line":37,"column":1}},"1":{"start":{"line":4,"column":2},"end":{"line":36,"column":4}}},"fnMap":{"0":{"name":"(anonymous_0)","decl":{"start":{"line":3,"column":24},"end":{"line":3,"column":27}},"loc":{"start":{"line":3,"column":29},"end":{"line":37,"column":1}}}},"branchMap":{},"s":{"0":0,"1":0},"f":{"0":0},"b":{}}
}
