TN:
SF:src\App.tsx
FN:25,App
FNF:1
FNH:0
FNDA:0,App
DA:26,0
LF:1
LH:0
BRF:0
BRH:0
end_of_record
TN:
SF:src\main.tsx
FNF:0
FNH:0
DA:6,0
LF:1
LH:0
BRF:0
BRH:0
end_of_record
TN:
SF:src\api\auth.ts
FN:3,login
FN:12,register
FNF:2
FNH:0
FNDA:0,login
FNDA:0,register
DA:1,0
DA:4,0
DA:5,0
DA:6,0
DA:7,0
DA:9,0
DA:13,0
DA:18,0
LF:8
LH:0
BRDA:6,0,0,0
BRF:1
BRH:0
end_of_record
TN:
SF:src\api\bookings.ts
FN:3,fetchBookings
FN:8,fetchBookingsByUserId
FN:13,fetchBookingsByTutorId
FN:18,createBooking
FN:27,updateBooking
FN:36,deleteBooking
FNF:6
FNH:0
FNDA:0,fetchBookings
FNDA:0,fetchBookingsByUserId
FNDA:0,fetchBookingsByTutorId
FNDA:0,createBooking
FNDA:0,updateBooking
FNDA:0,deleteBooking
DA:1,0
DA:4,0
DA:5,0
DA:9,0
DA:10,0
DA:14,0
DA:15,0
DA:19,0
DA:24,0
DA:28,0
DA:33,0
DA:37,0
LF:12
LH:0
BRF:0
BRH:0
end_of_record
TN:
SF:src\api\reviews.ts
FN:3,fetchReviews
FN:8,fetchReviewsByTutorId
FN:13,createReview
FN:22,deleteReview
FNF:4
FNH:0
FNDA:0,fetchReviews
FNDA:0,fetchReviewsByTutorId
FNDA:0,createReview
FNDA:0,deleteReview
DA:1,0
DA:4,0
DA:5,0
DA:9,0
DA:10,0
DA:14,0
DA:19,0
DA:23,0
LF:8
LH:0
BRF:0
BRH:0
end_of_record
TN:
SF:src\api\tutors.ts
FN:3,fetchTutors
FN:8,fetchTutorById
FN:13,fetchReviewsByTutorId
FN:18,createTutor
FN:27,updateTutor
FN:36,deleteTutor
FNF:6
FNH:0
FNDA:0,fetchTutors
FNDA:0,fetchTutorById
FNDA:0,fetchReviewsByTutorId
FNDA:0,createTutor
FNDA:0,updateTutor
FNDA:0,deleteTutor
DA:1,2
DA:3,2
DA:4,0
DA:5,0
DA:8,2
DA:9,0
DA:10,0
DA:13,2
DA:14,0
DA:15,0
DA:18,2
DA:19,0
DA:24,0
DA:27,2
DA:28,0
DA:33,0
DA:36,2
DA:37,0
LF:18
LH:7
BRF:0
BRH:0
end_of_record
TN:
SF:src\api\users.ts
FN:3,fetchUsers
FN:8,fetchUserById
FN:13,fetchUserByEmail
FN:19,createUser
FN:28,updateUser
FN:37,deleteUser
FNF:6
FNH:0
FNDA:0,fetchUsers
FNDA:0,fetchUserById
FNDA:0,fetchUserByEmail
FNDA:0,createUser
FNDA:0,updateUser
FNDA:0,deleteUser
DA:1,2
DA:3,2
DA:4,0
DA:5,0
DA:8,2
DA:9,0
DA:10,0
DA:13,2
DA:14,0
DA:15,0
DA:16,0
DA:19,2
DA:20,0
DA:25,0
DA:28,2
DA:29,0
DA:34,0
DA:37,2
DA:38,0
LF:19
LH:7
BRDA:16,0,0,0
BRDA:16,0,1,0
BRF:2
BRH:0
end_of_record
TN:
SF:src\components\AuthForms.tsx
FN:6,(anonymous_0)
FN:14,(anonymous_1)
FN:73,(anonymous_2)
FN:88,(anonymous_3)
FN:129,(anonymous_4)
FN:140,(anonymous_5)
FN:197,(anonymous_6)
FN:213,(anonymous_7)
FN:229,(anonymous_8)
FN:245,(anonymous_9)
FN:260,(anonymous_10)
FN:273,(anonymous_11)
FNF:12
FNH:0
FNDA:0,(anonymous_0)
FNDA:0,(anonymous_1)
FNDA:0,(anonymous_2)
FNDA:0,(anonymous_3)
FNDA:0,(anonymous_4)
FNDA:0,(anonymous_5)
FNDA:0,(anonymous_6)
FNDA:0,(anonymous_7)
FNDA:0,(anonymous_8)
FNDA:0,(anonymous_9)
FNDA:0,(anonymous_10)
FNDA:0,(anonymous_11)
DA:6,0
DA:7,0
DA:8,0
DA:9,0
DA:10,0
DA:11,0
DA:12,0
DA:14,0
DA:15,0
DA:16,0
DA:17,0
DA:19,0
DA:20,0
DA:21,0
DA:22,0
DA:24,0
DA:25,0
DA:26,0
DA:27,0
DA:30,0
DA:31,0
DA:32,0
DA:34,0
DA:36,0
DA:40,0
DA:73,0
DA:88,0
DA:129,0
DA:130,0
DA:131,0
DA:132,0
DA:133,0
DA:134,0
DA:135,0
DA:136,0
DA:137,0
DA:138,0
DA:140,0
DA:141,0
DA:142,0
DA:144,0
DA:145,0
DA:146,0
DA:149,0
DA:151,0
DA:152,0
DA:153,0
DA:155,0
DA:157,0
DA:161,0
DA:197,0
DA:213,0
DA:229,0
DA:245,0
DA:260,0
DA:273,0
LF:56
LH:0
BRDA:19,0,0,0
BRDA:24,1,0,0
BRDA:54,2,0,0
BRDA:54,2,1,0
BRDA:121,3,0,0
BRDA:121,3,1,0
BRDA:144,4,0,0
BRDA:155,5,0,0
BRDA:155,5,1,0
BRDA:175,6,0,0
BRDA:175,6,1,0
BRDA:289,7,0,0
BRDA:289,7,1,0
BRF:13
BRH:0
end_of_record
TN:
SF:src\components\BookingForm.tsx
FN:11,(anonymous_9)
FN:18,(anonymous_10)
FN:40,(anonymous_11)
FN:68,(anonymous_12)
FN:71,(anonymous_13)
FN:84,(anonymous_14)
FN:97,(anonymous_15)
FN:102,(anonymous_16)
FNF:8
FNH:0
FNDA:0,(anonymous_9)
FNDA:0,(anonymous_10)
FNDA:0,(anonymous_11)
FNDA:0,(anonymous_12)
FNDA:0,(anonymous_13)
FNDA:0,(anonymous_14)
FNDA:0,(anonymous_15)
FNDA:0,(anonymous_16)
DA:1,1
DA:3,1
DA:11,1
DA:12,0
DA:13,0
DA:14,0
DA:15,0
DA:16,0
DA:18,0
DA:19,0
DA:21,0
DA:22,0
DA:23,0
DA:26,0
DA:28,0
DA:30,0
DA:32,0
DA:35,0
DA:40,0
DA:41,0
DA:42,0
DA:43,0
DA:44,0
DA:46,0
DA:49,0
DA:51,0
DA:68,0
DA:72,0
DA:84,0
DA:97,0
DA:103,0
DA:128,1
LF:32
LH:4
BRDA:15,0,0,0
BRDA:15,0,1,0
BRDA:21,1,0,0
BRDA:21,2,0,0
BRDA:21,2,1,0
BRDA:30,3,0,0
BRDA:44,4,0,0
BRDA:55,5,0,0
BRDA:55,5,1,0
BRF:9
BRH:0
end_of_record
TN:
SF:src\components\ContactForm.tsx
FN:10,(anonymous_9)
FN:21,(anonymous_10)
FN:32,(anonymous_11)
FNF:3
FNH:0
FNDA:0,(anonymous_9)
FNDA:0,(anonymous_10)
FNDA:0,(anonymous_11)
DA:1,1
DA:10,1
DA:11,0
DA:13,0
DA:21,0
DA:32,0
DA:42,1
LF:7
LH:3
BRF:0
BRH:0
end_of_record
TN:
SF:src\components\Dashboard.tsx
FN:5,(anonymous_0)
FN:10,(anonymous_1)
FN:14,(anonymous_2)
FN:18,(anonymous_3)
FN:69,(anonymous_4)
FN:115,(anonymous_5)
FN:154,(anonymous_6)
FNF:7
FNH:0
FNDA:0,(anonymous_0)
FNDA:0,(anonymous_1)
FNDA:0,(anonymous_2)
FNDA:0,(anonymous_3)
FNDA:0,(anonymous_4)
FNDA:0,(anonymous_5)
FNDA:0,(anonymous_6)
DA:5,0
DA:6,0
DA:7,0
DA:8,0
DA:10,0
DA:11,0
DA:14,0
DA:15,0
DA:18,0
DA:19,0
DA:22,0
DA:69,0
DA:115,0
DA:154,0
LF:14
LH:0
BRDA:47,0,0,0
BRDA:47,0,1,0
BRDA:86,1,0,0
BRDA:86,1,1,0
BRDA:132,2,0,0
BRDA:132,2,1,0
BRF:6
BRH:0
end_of_record
TN:
SF:src\components\Footer.tsx
FN:5,(anonymous_0)
FNF:1
FNH:0
FNDA:0,(anonymous_0)
DA:5,0
DA:6,0
LF:2
LH:0
BRF:0
BRH:0
end_of_record
TN:
SF:src\components\Header.tsx
FN:6,(anonymous_0)
FN:11,(anonymous_1)
FN:12,(anonymous_2)
FN:14,(anonymous_3)
FN:133,(anonymous_4)
FNF:5
FNH:0
FNDA:0,(anonymous_0)
FNDA:0,(anonymous_1)
FNDA:0,(anonymous_2)
FNDA:0,(anonymous_3)
FNDA:0,(anonymous_4)
DA:6,0
DA:7,0
DA:8,0
DA:9,0
DA:11,0
DA:12,0
DA:14,0
DA:15,0
DA:18,0
DA:133,0
LF:10
LH:0
BRDA:15,0,0,0
BRDA:15,0,1,0
BRDA:39,1,0,0
BRDA:39,1,1,0
BRDA:81,2,0,0
BRDA:81,2,1,0
BRDA:92,3,0,0
BRDA:92,3,1,0
BRDA:123,4,0,0
BRDA:123,4,1,0
BRF:10
BRH:0
end_of_record
TN:
SF:src\components\Modal.tsx
FN:8,(anonymous_9)
FN:12,(anonymous_10)
FN:19,(anonymous_11)
FN:22,(anonymous_12)
FNF:4
FNH:4
FNDA:4,(anonymous_9)
FNDA:1,(anonymous_10)
FNDA:4,(anonymous_11)
FNDA:4,(anonymous_12)
DA:1,2
DA:8,2
DA:9,4
DA:12,4
DA:13,1
DA:14,1
DA:19,4
DA:20,4
DA:22,4
DA:23,4
DA:27,4
DA:42,2
LF:12
LH:12
BRDA:13,0,0,1
BRDA:13,1,0,1
BRDA:13,1,1,1
BRF:3
BRH:3
end_of_record
TN:
SF:src\components\ReviewCard.tsx
FN:9,(anonymous_0)
FN:11,(anonymous_1)
FN:33,(anonymous_2)
FN:51,(anonymous_3)
FNF:4
FNH:0
FNDA:0,(anonymous_0)
FNDA:0,(anonymous_1)
FNDA:0,(anonymous_2)
FNDA:0,(anonymous_3)
DA:9,0
DA:11,0
DA:12,0
DA:13,0
DA:14,0
DA:16,0
DA:17,0
DA:20,0
DA:21,0
DA:24,0
DA:25,0
DA:26,0
DA:29,0
DA:33,0
DA:34,0
DA:35,0
DA:38,0
DA:51,0
LF:18
LH:0
BRDA:20,0,0,0
BRDA:24,1,0,0
BRDA:24,1,1,0
BRDA:42,2,0,0
BRDA:42,2,1,0
BRF:5
BRH:0
end_of_record
TN:
SF:src\components\TutorCard.tsx
FN:13,(anonymous_1)
FN:17,(anonymous_2)
FN:61,(anonymous_3)
FNF:3
FNH:2
FNDA:2,(anonymous_1)
FNDA:0,(anonymous_2)
FNDA:4,(anonymous_3)
DA:1,2
DA:2,2
DA:3,2
DA:5,2
DA:13,2
DA:14,2
DA:15,2
DA:17,2
DA:18,0
DA:19,0
DA:20,0
DA:21,0
DA:22,0
DA:26,2
DA:62,4
DA:128,2
LF:16
LH:11
BRDA:20,0,0,0
BRDA:40,1,0,0
BRDA:40,1,1,2
BRDA:41,2,0,0
BRDA:41,2,1,2
BRDA:43,3,0,0
BRDA:43,3,1,2
BRDA:51,4,0,2
BRDA:51,4,1,0
BRDA:69,5,0,2
BRDA:69,5,1,0
BRDA:82,6,0,2
BRDA:82,6,1,2
BRDA:88,7,0,2
BRDA:88,7,1,0
BRF:15
BRH:8
end_of_record
TN:
SF:src\components\TutorFilter.tsx
FN:16,(anonymous_9)
FN:25,(anonymous_10)
FN:29,(anonymous_11)
FN:34,(anonymous_12)
FN:39,(anonymous_13)
FN:48,(anonymous_14)
FN:53,(anonymous_15)
FN:58,(anonymous_16)
FN:67,(anonymous_17)
FN:103,(anonymous_18)
FN:131,(anonymous_19)
FNF:11
FNH:2
FNDA:2,(anonymous_9)
FNDA:2,(anonymous_10)
FNDA:0,(anonymous_11)
FNDA:0,(anonymous_12)
FNDA:0,(anonymous_13)
FNDA:0,(anonymous_14)
FNDA:0,(anonymous_15)
FNDA:0,(anonymous_16)
FNDA:0,(anonymous_17)
FNDA:0,(anonymous_18)
FNDA:0,(anonymous_19)
DA:1,1
DA:2,1
DA:3,1
DA:16,1
DA:17,2
DA:18,2
DA:19,2
DA:20,2
DA:21,2
DA:22,2
DA:23,2
DA:25,2
DA:26,2
DA:29,2
DA:30,0
DA:31,0
DA:34,2
DA:35,0
DA:36,0
DA:39,2
DA:40,0
DA:41,0
DA:42,0
DA:43,0
DA:44,0
DA:45,0
DA:48,2
DA:49,0
DA:50,0
DA:53,2
DA:54,0
DA:55,0
DA:58,2
DA:59,0
DA:60,0
DA:61,0
DA:62,0
DA:63,0
DA:64,0
DA:67,2
DA:74,0
DA:84,2
DA:103,0
DA:132,0
DA:203,1
LF:45
LH:22
BRDA:41,0,0,0
BRDA:41,0,1,0
BRDA:106,1,0,0
BRDA:106,1,1,2
BRDA:107,2,0,0
BRDA:107,2,1,2
BRDA:118,3,0,2
BRDA:118,3,1,0
BRF:8
BRH:3
end_of_record
TN:
SF:src\components\TutorProfile.tsx
FN:3,(anonymous_0)
FN:7,(anonymous_1)
FN:11,(anonymous_2)
FN:48,(anonymous_3)
FN:87,(anonymous_4)
FNF:5
FNH:0
FNDA:0,(anonymous_0)
FNDA:0,(anonymous_1)
FNDA:0,(anonymous_2)
FNDA:0,(anonymous_3)
FNDA:0,(anonymous_4)
DA:3,0
DA:4,0
DA:5,0
DA:7,0
DA:8,0
DA:11,0
DA:12,0
DA:15,0
DA:48,0
DA:87,0
LF:10
LH:0
BRDA:33,0,0,0
BRDA:33,0,1,0
BRDA:65,1,0,0
BRDA:65,1,1,0
BRF:4
BRH:0
end_of_record
TN:
SF:src\context\AuthContext.tsx
FN:8,(anonymous_9)
FN:12,(anonymous_10)
FN:14,(anonymous_11)
FN:24,(anonymous_12)
FN:32,(anonymous_13)
FN:35,(anonymous_14)
FN:54,(anonymous_15)
FN:60,(anonymous_16)
FN:86,(anonymous_17)
FN:93,(anonymous_18)
FN:110,(anonymous_19)
FN:114,(anonymous_20)
FN:117,(anonymous_21)
FN:118,(anonymous_22)
FN:122,(anonymous_23)
FN:130,(anonymous_24)
FN:135,(anonymous_25)
FN:136,(anonymous_26)
FN:163,(anonymous_27)
FNF:19
FNH:4
FNDA:4,(anonymous_9)
FNDA:0,(anonymous_10)
FNDA:0,(anonymous_11)
FNDA:0,(anonymous_12)
FNDA:0,(anonymous_13)
FNDA:0,(anonymous_14)
FNDA:0,(anonymous_15)
FNDA:0,(anonymous_16)
FNDA:0,(anonymous_17)
FNDA:0,(anonymous_18)
FNDA:2,(anonymous_19)
FNDA:0,(anonymous_20)
FNDA:0,(anonymous_21)
FNDA:0,(anonymous_22)
FNDA:0,(anonymous_23)
FNDA:4,(anonymous_24)
FNDA:0,(anonymous_25)
FNDA:0,(anonymous_26)
FNDA:2,(anonymous_27)
DA:1,2
DA:3,2
DA:4,2
DA:6,2
DA:8,2
DA:9,4
DA:12,4
DA:13,0
DA:14,0
DA:15,0
DA:16,0
DA:17,0
DA:19,0
DA:24,4
DA:31,0
DA:32,0
DA:33,0
DA:35,0
DA:36,0
DA:38,0
DA:49,0
DA:50,0
DA:51,0
DA:54,4
DA:55,0
DA:56,0
DA:60,4
DA:61,0
DA:64,0
DA:73,0
DA:78,0
DA:79,0
DA:80,0
DA:82,0
DA:86,4
DA:87,0
DA:90,0
DA:92,0
DA:93,0
DA:95,0
DA:98,0
DA:103,0
DA:104,0
DA:105,0
DA:107,0
DA:110,4
DA:111,2
DA:114,4
DA:115,0
DA:116,0
DA:117,0
DA:118,0
DA:122,4
DA:123,0
DA:124,0
DA:125,0
DA:126,0
DA:127,0
DA:130,4
DA:131,4
DA:132,4
DA:134,0
DA:135,0
DA:136,0
DA:137,0
DA:138,0
DA:139,0
DA:145,4
DA:163,2
DA:164,2
DA:165,2
DA:166,0
DA:168,2
LF:73
LH:23
BRDA:15,0,0,0
BRDA:15,0,1,0
BRDA:15,1,0,0
BRDA:15,1,1,0
BRDA:29,2,0,0
BRDA:32,3,0,0
BRDA:35,4,0,0
BRDA:47,5,0,0
BRDA:47,5,1,0
BRDA:61,6,0,0
BRDA:75,7,0,0
BRDA:75,7,1,0
BRDA:87,8,0,0
BRDA:92,9,0,0
BRDA:92,9,1,0
BRDA:93,10,0,0
BRDA:93,10,1,0
BRDA:95,11,0,0
BRDA:95,11,1,0
BRDA:111,12,0,2
BRDA:111,12,1,2
BRDA:115,13,0,0
BRDA:123,14,0,0
BRDA:123,15,0,0
BRDA:123,15,1,0
BRDA:132,16,0,0
BRDA:137,17,0,0
BRDA:165,18,0,0
BRF:28
BRH:2
end_of_record
TN:
SF:src\data\tutors.ts
FN:8,(anonymous_0)
FN:14,(anonymous_1)
FN:18,(anonymous_2)
FN:22,(anonymous_3)
FN:25,(anonymous_4)
FN:26,(anonymous_5)
FN:32,(anonymous_6)
FN:33,(anonymous_7)
FN:36,(anonymous_8)
FN:38,(anonymous_9)
FN:39,(anonymous_10)
FNF:11
FNH:2
FNDA:0,(anonymous_0)
FNDA:0,(anonymous_1)
FNDA:0,(anonymous_2)
FNDA:0,(anonymous_3)
FNDA:0,(anonymous_4)
FNDA:0,(anonymous_5)
FNDA:1,(anonymous_6)
FNDA:0,(anonymous_7)
FNDA:1,(anonymous_8)
FNDA:0,(anonymous_9)
FNDA:0,(anonymous_10)
DA:2,2
DA:5,2
DA:8,2
DA:9,0
DA:10,0
DA:11,0
DA:14,2
DA:15,0
DA:18,2
DA:19,0
DA:22,2
DA:23,0
DA:24,0
DA:25,0
DA:26,0
DA:28,0
DA:32,2
DA:33,1
DA:36,2
DA:37,1
DA:38,1
DA:39,0
DA:41,1
LF:23
LH:12
BRF:0
BRH:0
end_of_record
TN:
SF:src\pages\About.tsx
FN:3,(anonymous_0)
FNF:1
FNH:0
FNDA:0,(anonymous_0)
DA:3,0
DA:4,0
LF:2
LH:0
BRF:0
BRH:0
end_of_record
TN:
SF:src\pages\Dashboard.tsx
FN:14,(anonymous_0)
FN:36,(anonymous_1)
FN:46,(anonymous_2)
FN:47,(anonymous_3)
FN:50,(anonymous_4)
FN:53,(anonymous_5)
FN:66,(anonymous_6)
FN:81,(anonymous_7)
FN:82,(anonymous_8)
FN:85,(anonymous_9)
FN:95,(anonymous_10)
FN:111,(anonymous_11)
FN:119,(anonymous_12)
FN:129,(anonymous_13)
FN:140,(anonymous_14)
FN:154,(anonymous_15)
FN:156,(anonymous_16)
FN:165,(anonymous_17)
FN:178,(anonymous_18)
FN:204,(anonymous_19)
FN:233,(anonymous_20)
FN:242,(anonymous_21)
FN:253,(anonymous_22)
FN:267,(anonymous_23)
FN:278,(anonymous_24)
FN:289,(anonymous_25)
FN:300,(anonymous_26)
FN:314,(anonymous_27)
FN:325,(anonymous_28)
FN:336,(anonymous_29)
FN:350,(anonymous_30)
FN:418,(anonymous_31)
FN:440,(anonymous_32)
FN:487,(anonymous_33)
FN:533,(anonymous_34)
FN:543,(anonymous_35)
FN:549,(anonymous_36)
FN:575,(anonymous_37)
FN:584,(anonymous_38)
FN:594,(anonymous_39)
FN:606,(anonymous_40)
FN:617,(anonymous_41)
FN:627,(anonymous_42)
FN:691,(anonymous_43)
FN:729,(anonymous_44)
FN:746,(anonymous_45)
FN:756,(anonymous_46)
FN:765,(anonymous_47)
FN:774,(anonymous_48)
FN:781,(anonymous_49)
FN:803,(anonymous_50)
FN:813,(anonymous_51)
FN:822,(anonymous_52)
FN:831,(anonymous_53)
FN:838,(anonymous_54)
FN:860,(anonymous_55)
FN:869,(anonymous_56)
FNF:57
FNH:0
FNDA:0,(anonymous_0)
FNDA:0,(anonymous_1)
FNDA:0,(anonymous_2)
FNDA:0,(anonymous_3)
FNDA:0,(anonymous_4)
FNDA:0,(anonymous_5)
FNDA:0,(anonymous_6)
FNDA:0,(anonymous_7)
FNDA:0,(anonymous_8)
FNDA:0,(anonymous_9)
FNDA:0,(anonymous_10)
FNDA:0,(anonymous_11)
FNDA:0,(anonymous_12)
FNDA:0,(anonymous_13)
FNDA:0,(anonymous_14)
FNDA:0,(anonymous_15)
FNDA:0,(anonymous_16)
FNDA:0,(anonymous_17)
FNDA:0,(anonymous_18)
FNDA:0,(anonymous_19)
FNDA:0,(anonymous_20)
FNDA:0,(anonymous_21)
FNDA:0,(anonymous_22)
FNDA:0,(anonymous_23)
FNDA:0,(anonymous_24)
FNDA:0,(anonymous_25)
FNDA:0,(anonymous_26)
FNDA:0,(anonymous_27)
FNDA:0,(anonymous_28)
FNDA:0,(anonymous_29)
FNDA:0,(anonymous_30)
FNDA:0,(anonymous_31)
FNDA:0,(anonymous_32)
FNDA:0,(anonymous_33)
FNDA:0,(anonymous_34)
FNDA:0,(anonymous_35)
FNDA:0,(anonymous_36)
FNDA:0,(anonymous_37)
FNDA:0,(anonymous_38)
FNDA:0,(anonymous_39)
FNDA:0,(anonymous_40)
FNDA:0,(anonymous_41)
FNDA:0,(anonymous_42)
FNDA:0,(anonymous_43)
FNDA:0,(anonymous_44)
FNDA:0,(anonymous_45)
FNDA:0,(anonymous_46)
FNDA:0,(anonymous_47)
FNDA:0,(anonymous_48)
FNDA:0,(anonymous_49)
FNDA:0,(anonymous_50)
FNDA:0,(anonymous_51)
FNDA:0,(anonymous_52)
FNDA:0,(anonymous_53)
FNDA:0,(anonymous_54)
FNDA:0,(anonymous_55)
FNDA:0,(anonymous_56)
DA:14,0
DA:15,0
DA:16,0
DA:17,0
DA:18,0
DA:19,0
DA:20,0
DA:21,0
DA:23,0
DA:24,0
DA:25,0
DA:26,0
DA:27,0
DA:28,0
DA:30,0
DA:32,0
DA:33,0
DA:34,0
DA:36,0
DA:41,0
DA:42,0
DA:46,0
DA:47,0
DA:48,0
DA:50,0
DA:51,0
DA:53,0
DA:54,0
DA:56,0
DA:57,0
DA:59,0
DA:60,0
DA:62,0
DA:63,0
DA:66,0
DA:67,0
DA:68,0
DA:69,0
DA:73,0
DA:74,0
DA:75,0
DA:76,0
DA:78,0
DA:79,0
DA:81,0
DA:82,0
DA:83,0
DA:85,0
DA:86,0
DA:88,0
DA:89,0
DA:91,0
DA:92,0
DA:95,0
DA:96,0
DA:97,0
DA:102,0
DA:106,0
DA:107,0
DA:108,0
DA:109,0
DA:111,0
DA:112,0
DA:113,0
DA:114,0
DA:115,0
DA:116,0
DA:119,0
DA:120,0
DA:121,0
DA:122,0
DA:123,0
DA:124,0
DA:125,0
DA:126,0
DA:129,0
DA:130,0
DA:131,0
DA:132,0
DA:139,0
DA:140,0
DA:142,0
DA:144,0
DA:145,0
DA:146,0
DA:147,0
DA:148,0
DA:149,0
DA:150,0
DA:151,0
DA:154,0
DA:155,0
DA:156,0
DA:157,0
DA:161,0
DA:162,0
DA:165,0
DA:166,0
DA:167,0
DA:169,0
DA:170,0
DA:171,0
DA:173,0
DA:174,0
DA:175,0
DA:178,0
DA:179,0
DA:180,0
DA:182,0
DA:183,0
DA:184,0
DA:187,0
DA:188,0
DA:189,0
DA:192,0
DA:193,0
DA:194,0
DA:197,0
DA:198,0
DA:199,0
DA:200,0
DA:201,0
DA:204,0
DA:205,0
DA:206,0
DA:209,0
DA:233,0
DA:242,0
DA:253,0
DA:267,0
DA:278,0
DA:289,0
DA:300,0
DA:314,0
DA:325,0
DA:336,0
DA:350,0
DA:418,0
DA:441,0
DA:442,0
DA:443,0
DA:488,0
DA:534,0
DA:543,0
DA:549,0
DA:575,0
DA:584,0
DA:594,0
DA:606,0
DA:617,0
DA:627,0
DA:691,0
DA:729,0
DA:746,0
DA:756,0
DA:765,0
DA:774,0
DA:781,0
DA:803,0
DA:813,0
DA:822,0
DA:831,0
DA:838,0
DA:860,0
DA:869,0
LF:165
LH:0
BRDA:18,0,0,0
BRDA:18,0,1,0
BRDA:19,1,0,0
BRDA:19,1,1,0
BRDA:20,2,0,0
BRDA:20,2,1,0
BRDA:41,3,0,0
BRDA:41,4,0,0
BRDA:41,4,1,0
BRDA:56,5,0,0
BRDA:59,6,0,0
BRDA:62,7,0,0
BRDA:88,8,0,0
BRDA:91,9,0,0
BRDA:102,10,0,0
BRDA:102,10,1,0
BRDA:102,11,0,0
BRDA:102,11,1,0
BRDA:131,12,0,0
BRDA:131,13,0,0
BRDA:131,13,1,0
BRDA:131,13,2,0
BRDA:131,13,3,0
BRDA:139,14,0,0
BRDA:139,14,1,0
BRDA:139,15,0,0
BRDA:139,15,1,0
BRDA:140,16,0,0
BRDA:140,16,1,0
BRDA:155,17,0,0
BRDA:161,18,0,0
BRDA:169,19,0,0
BRDA:169,20,0,0
BRDA:169,20,1,0
BRDA:182,21,0,0
BRDA:187,22,0,0
BRDA:192,23,0,0
BRDA:214,24,0,0
BRDA:214,24,1,0
BRDA:224,25,0,0
BRDA:224,25,1,0
BRDA:255,26,0,0
BRDA:255,26,1,0
BRDA:264,27,0,0
BRDA:264,27,1,0
BRDA:269,28,0,0
BRDA:269,28,1,0
BRDA:280,29,0,0
BRDA:280,29,1,0
BRDA:291,30,0,0
BRDA:291,30,1,0
BRDA:302,31,0,0
BRDA:302,31,1,0
BRDA:316,32,0,0
BRDA:316,32,1,0
BRDA:327,33,0,0
BRDA:327,33,1,0
BRDA:338,34,0,0
BRDA:338,34,1,0
BRDA:352,35,0,0
BRDA:352,35,1,0
BRDA:373,36,0,0
BRDA:373,36,1,0
BRDA:382,37,0,0
BRDA:382,37,1,0
BRDA:391,38,0,0
BRDA:391,38,1,0
BRDA:400,39,0,0
BRDA:400,39,1,0
BRDA:427,40,0,0
BRDA:427,40,1,0
BRDA:427,40,2,0
BRDA:436,41,0,0
BRDA:436,41,1,0
BRDA:436,41,2,0
BRDA:436,41,3,0
BRDA:442,42,0,0
BRDA:449,43,0,0
BRDA:449,43,1,0
BRDA:449,43,2,0
BRDA:449,43,3,0
BRDA:461,44,0,0
BRDA:461,44,1,0
BRDA:462,45,0,0
BRDA:462,45,1,0
BRDA:465,46,0,0
BRDA:465,46,1,0
BRDA:466,47,0,0
BRDA:466,47,1,0
BRDA:482,48,0,0
BRDA:482,48,1,0
BRDA:482,48,2,0
BRDA:485,49,0,0
BRDA:485,49,1,0
BRDA:515,50,0,0
BRDA:515,50,1,0
BRDA:524,51,0,0
BRDA:524,51,1,0
BRDA:524,51,2,0
BRDA:532,52,0,0
BRDA:532,52,1,0
BRDA:570,53,0,0
BRDA:570,53,1,0
BRDA:570,53,2,0
BRDA:577,54,0,0
BRDA:577,54,1,0
BRDA:636,55,0,0
BRDA:636,55,1,0
BRDA:646,56,0,0
BRDA:646,56,1,0
BRDA:741,57,0,0
BRDA:741,57,1,0
BRDA:749,58,0,0
BRDA:749,58,1,0
BRDA:798,59,0,0
BRDA:798,59,1,0
BRDA:806,60,0,0
BRDA:806,60,1,0
BRDA:855,61,0,0
BRDA:855,61,1,0
BRF:120
BRH:0
end_of_record
TN:
SF:src\pages\Home.tsx
FN:5,(anonymous_0)
FN:56,(anonymous_1)
FN:94,(anonymous_2)
FN:118,(anonymous_3)
FN:124,(anonymous_4)
FNF:5
FNH:0
FNDA:0,(anonymous_0)
FNDA:0,(anonymous_1)
FNDA:0,(anonymous_2)
FNDA:0,(anonymous_3)
FNDA:0,(anonymous_4)
DA:5,0
DA:6,0
DA:57,0
DA:95,0
DA:119,0
DA:125,0
DA:181,0
DA:213,0
DA:232,0
LF:9
LH:0
BRDA:127,0,0,0
BRDA:127,0,1,0
BRF:2
BRH:0
end_of_record
TN:
SF:src\pages\HowItWorks.tsx
FN:5,(anonymous_0)
FN:22,(anonymous_1)
FN:62,(anonymous_2)
FN:94,(anonymous_3)
FNF:4
FNH:0
FNDA:0,(anonymous_0)
FNDA:0,(anonymous_1)
FNDA:0,(anonymous_2)
FNDA:0,(anonymous_3)
DA:5,0
DA:6,0
DA:23,0
DA:63,0
DA:95,0
DA:135,0
DA:171,0
DA:199,0
LF:8
LH:0
BRDA:24,0,0,0
BRDA:24,0,1,0
BRDA:36,1,0,0
BRDA:36,1,1,0
BRF:4
BRH:0
end_of_record
TN:
SF:src\pages\Login.tsx
FN:4,(anonymous_0)
FNF:1
FNH:0
FNDA:0,(anonymous_0)
DA:4,0
DA:5,0
LF:2
LH:0
BRF:0
BRH:0
end_of_record
TN:
SF:src\pages\Register.tsx
FN:4,(anonymous_0)
FNF:1
FNH:0
FNDA:0,(anonymous_0)
DA:4,0
DA:5,0
LF:2
LH:0
BRF:0
BRH:0
end_of_record
TN:
SF:src\pages\SubjectsPage.tsx
FN:6,(anonymous_0)
FN:10,(anonymous_1)
FN:11,(anonymous_2)
FN:13,(anonymous_3)
FN:14,(anonymous_4)
FN:22,(anonymous_5)
FN:30,(anonymous_6)
FN:60,(anonymous_7)
FN:71,(anonymous_8)
FN:85,(anonymous_9)
FN:89,(anonymous_10)
FN:110,(anonymous_11)
FNF:12
FNH:0
FNDA:0,(anonymous_0)
FNDA:0,(anonymous_1)
FNDA:0,(anonymous_2)
FNDA:0,(anonymous_3)
FNDA:0,(anonymous_4)
FNDA:0,(anonymous_5)
FNDA:0,(anonymous_6)
FNDA:0,(anonymous_7)
FNDA:0,(anonymous_8)
FNDA:0,(anonymous_9)
FNDA:0,(anonymous_10)
FNDA:0,(anonymous_11)
DA:6,0
DA:7,0
DA:8,0
DA:10,0
DA:11,0
DA:12,0
DA:13,0
DA:14,0
DA:16,0
DA:21,0
DA:23,0
DA:28,0
DA:30,0
DA:31,0
DA:32,0
DA:33,0
DA:35,0
DA:39,0
DA:41,0
DA:60,0
DA:72,0
DA:86,0
DA:90,0
DA:110,0
LF:24
LH:0
BRDA:21,0,0,0
BRDA:21,0,1,0
BRDA:32,1,0,0
BRDA:66,2,0,0
BRDA:66,2,1,0
BRF:5
BRH:0
end_of_record
TN:
SF:src\pages\TutorProfile.tsx
FN:12,(anonymous_0)
FN:22,(anonymous_1)
FN:24,(anonymous_2)
FN:48,(anonymous_3)
FN:76,(anonymous_4)
FN:132,(anonymous_5)
FN:147,(anonymous_6)
FN:157,(anonymous_7)
FN:181,(anonymous_8)
FN:221,(anonymous_9)
FN:248,(anonymous_10)
FN:286,(anonymous_11)
FN:293,(anonymous_12)
FN:302,(anonymous_13)
FN:305,(anonymous_14)
FN:306,(anonymous_15)
FN:311,(anonymous_16)
FN:314,(anonymous_17)
FN:315,(anonymous_18)
FNF:19
FNH:0
FNDA:0,(anonymous_0)
FNDA:0,(anonymous_1)
FNDA:0,(anonymous_2)
FNDA:0,(anonymous_3)
FNDA:0,(anonymous_4)
FNDA:0,(anonymous_5)
FNDA:0,(anonymous_6)
FNDA:0,(anonymous_7)
FNDA:0,(anonymous_8)
FNDA:0,(anonymous_9)
FNDA:0,(anonymous_10)
FNDA:0,(anonymous_11)
FNDA:0,(anonymous_12)
FNDA:0,(anonymous_13)
FNDA:0,(anonymous_14)
FNDA:0,(anonymous_15)
FNDA:0,(anonymous_16)
FNDA:0,(anonymous_17)
FNDA:0,(anonymous_18)
DA:12,0
DA:13,0
DA:14,0
DA:15,0
DA:16,0
DA:17,0
DA:18,0
DA:19,0
DA:20,0
DA:22,0
DA:23,0
DA:24,0
DA:25,0
DA:27,0
DA:28,0
DA:32,0
DA:33,0
DA:45,0
DA:48,0
DA:49,0
DA:50,0
DA:51,0
DA:53,0
DA:54,0
DA:55,0
DA:56,0
DA:57,0
DA:69,0
DA:73,0
DA:76,0
DA:77,0
DA:78,0
DA:79,0
DA:83,0
DA:133,0
DA:147,0
DA:157,0
DA:182,0
DA:222,0
DA:249,0
DA:286,0
DA:293,0
DA:302,0
DA:305,0
DA:306,0
DA:311,0
DA:314,0
DA:315,0
LF:48
LH:0
BRDA:23,0,0,0
BRDA:25,1,0,0
BRDA:25,1,1,0
BRDA:32,2,0,0
BRDA:54,3,0,0
BRDA:54,3,1,0
BRDA:56,4,0,0
BRDA:56,4,1,0
BRDA:56,5,0,0
BRDA:56,5,1,0
BRDA:77,6,0,0
BRDA:109,7,0,0
BRDA:109,7,1,0
BRDA:110,8,0,0
BRDA:110,8,1,0
BRDA:112,9,0,0
BRDA:112,9,1,0
BRDA:149,10,0,0
BRDA:149,10,1,0
BRDA:159,11,0,0
BRDA:159,11,1,0
BRDA:171,12,0,0
BRDA:171,12,1,0
BRDA:203,13,0,0
BRDA:203,13,1,0
BRDA:209,14,0,0
BRDA:209,14,1,0
BRDA:234,15,0,0
BRDA:234,15,1,0
BRDA:246,16,0,0
BRDA:246,16,1,0
BRDA:301,17,0,0
BRDA:301,17,1,0
BRDA:310,18,0,0
BRDA:310,18,1,0
BRF:35
BRH:0
end_of_record
TN:
SF:src\pages\TutorsList.tsx
FN:12,(anonymous_10)
FN:31,(anonymous_11)
FN:33,(anonymous_12)
FN:39,(anonymous_13)
FN:41,(anonymous_14)
FN:44,(anonymous_15)
FN:62,(anonymous_16)
FN:66,(anonymous_17)
FN:71,(anonymous_18)
FN:76,(anonymous_19)
FN:82,(anonymous_20)
FN:101,(anonymous_21)
FN:105,(anonymous_22)
FN:106,(anonymous_23)
FN:121,(anonymous_24)
FN:125,(anonymous_25)
FN:131,(anonymous_26)
FN:135,(anonymous_27)
FNF:18
FNH:2
FNDA:3,(anonymous_10)
FNDA:2,(anonymous_11)
FNDA:0,(anonymous_12)
FNDA:0,(anonymous_13)
FNDA:0,(anonymous_14)
FNDA:0,(anonymous_15)
FNDA:0,(anonymous_16)
FNDA:0,(anonymous_17)
FNDA:0,(anonymous_18)
FNDA:0,(anonymous_19)
FNDA:0,(anonymous_20)
FNDA:0,(anonymous_21)
FNDA:0,(anonymous_22)
FNDA:0,(anonymous_23)
FNDA:0,(anonymous_24)
FNDA:0,(anonymous_25)
FNDA:0,(anonymous_26)
FNDA:0,(anonymous_27)
DA:1,1
DA:2,1
DA:3,1
DA:4,1
DA:5,1
DA:7,1
DA:8,1
DA:9,1
DA:10,1
DA:12,1
DA:13,3
DA:14,3
DA:15,3
DA:17,3
DA:18,2
DA:19,2
DA:27,2
DA:28,2
DA:29,2
DA:31,2
DA:33,2
DA:34,0
DA:35,0
DA:39,2
DA:41,0
DA:42,0
DA:44,0
DA:47,0
DA:50,0
DA:53,0
DA:57,0
DA:59,0
DA:62,2
DA:63,0
DA:66,2
DA:67,0
DA:68,0
DA:71,2
DA:72,0
DA:73,0
DA:76,2
DA:78,0
DA:79,0
DA:82,2
DA:84,0
DA:85,0
DA:88,2
DA:102,0
DA:105,0
DA:106,0
DA:121,0
DA:125,0
DA:131,0
DA:135,0
DA:143,1
LF:55
LH:29
BRDA:15,0,0,3
BRDA:15,0,1,3
BRDA:42,1,0,0
BRDA:42,1,1,0
BRDA:42,1,2,0
BRDA:42,1,3,0
BRDA:47,2,0,0
BRDA:47,2,1,0
BRDA:50,3,0,0
BRDA:50,3,1,0
BRDA:53,4,0,0
BRDA:53,4,1,0
BRDA:53,4,2,0
BRDA:53,4,3,0
BRDA:53,4,4,0
BRDA:53,4,5,0
BRDA:57,5,0,0
BRDA:57,5,1,0
BRDA:57,5,2,0
BRDA:57,5,3,0
BRDA:99,6,0,0
BRDA:99,6,1,2
BRDA:120,7,0,2
BRDA:120,7,1,0
BRDA:120,7,2,0
BRDA:130,8,0,2
BRDA:130,8,1,0
BRDA:130,8,2,0
BRF:28
BRH:5
end_of_record
TN:
SF:src\pages\Support\Contact.tsx
FN:4,(anonymous_0)
FNF:1
FNH:0
FNDA:0,(anonymous_0)
DA:4,0
DA:5,0
LF:2
LH:0
BRF:0
BRH:0
end_of_record
TN:
SF:src\pages\Support\FAQ.tsx
FN:3,(anonymous_0)
FNF:1
FNH:0
FNDA:0,(anonymous_0)
DA:3,0
DA:4,0
LF:2
LH:0
BRF:0
BRH:0
end_of_record
TN:
SF:src\pages\Support\Privacy.tsx
FN:3,(anonymous_0)
FNF:1
FNH:0
FNDA:0,(anonymous_0)
DA:3,0
DA:4,0
LF:2
LH:0
BRF:0
BRH:0
end_of_record
TN:
SF:src\pages\Support\Terms.tsx
FN:3,(anonymous_0)
FNF:1
FNH:0
FNDA:0,(anonymous_0)
DA:3,0
DA:4,0
LF:2
LH:0
BRF:0
BRH:0
end_of_record
